<?xml version="1.0" encoding="UTF-8"?>
<!-- Generated by org.testng.reporters.JUnitXMLReporter -->
<testsuite hostname="EPUAKHAW0474" name="TestCheckPriceFilter" tests="4" failures="0" timestamp="15 Nov 2013 14:32:10 GMT" time="114.036" errors="0">
  <testcase name="CheckPriceFilter" time="25.658" classname="com.epam.tests.TestCheckPriceFilter"/>
  <testcase name="CheckPriceFilter" time="35.26" classname="com.epam.tests.TestCheckPriceFilter"/>
  <testcase name="CheckPriceFilter" time="20.606" classname="com.epam.tests.TestCheckPriceFilter"/>
  <testcase name="CheckPriceFilter" time="23.59" classname="com.epam.tests.TestCheckPriceFilter"/>
</testsuite> <!-- TestCheckPriceFilter -->
