<?xml version="1.0" encoding="UTF-8"?>
<testng-results skipped="0" failed="1" total="2" passed="1">
  <reporter-output>
    <line>
      <![CDATA[<br /><a href='D:\EclipseWorkSpace\MavenPmComUa\test-output\Self mail sending\FailTestScreenshot_CheckEquality_2013-11-11_17-33-02.png'><img src='D:\EclipseWorkSpace\MavenPmComUa\test-output\Self mail sending\FailTestScreenshot_CheckEquality_2013-11-11_17-33-02.png' hight='100' width='100' /></a>]]>
    </line>
  </reporter-output>
  <suite name="Self mail sending" duration-ms="81011" started-at="2013-11-11T15:31:41Z" finished-at="2013-11-11T15:33:02Z">
    <groups>
    </groups>
    <test name="TestCompareProductInformation" duration-ms="64845" started-at="2013-11-11T15:31:41Z" finished-at="2013-11-11T15:32:46Z">
      <class name="com.epam.tests.TestCompareProductInformation">
        <test-method status="PASS" signature="setUp()[pri:0, instance:com.epam.tests.TestCompareProductInformation@1862621]" name="setUp" is-config="true" duration-ms="9502" started-at="2013-11-11T17:31:41Z" finished-at="2013-11-11T17:31:50Z">
          <reporter-output>
          </reporter-output>
        </test-method> <!-- setUp -->
        <test-method status="PASS" signature="setUpMethod()[pri:0, instance:com.epam.tests.TestCompareProductInformation@1862621]" name="setUpMethod" is-config="true" duration-ms="44" started-at="2013-11-11T17:31:51Z" finished-at="2013-11-11T17:31:51Z">
          <reporter-output>
          </reporter-output>
        </test-method> <!-- setUpMethod -->
        <test-method status="PASS" signature="CompareProductInformation(java.lang.String, java.lang.Double)[pri:0, instance:com.epam.tests.TestCompareProductInformation@1862621]" name="CompareProductInformation" duration-ms="54829" started-at="2013-11-11T17:31:51Z" data-provider="baseDataProvider" finished-at="2013-11-11T17:32:46Z">
          <params>
            <param index="0">
              <value>
                <![CDATA[Вентиляторы]]>
              </value>
            </param>
            <param index="1">
              <value>
                <![CDATA[3.0]]>
              </value>
            </param>
          </params>
          <reporter-output>
          </reporter-output>
        </test-method> <!-- CompareProductInformation -->
      </class> <!-- com.epam.tests.TestCompareProductInformation -->
    </test> <!-- TestCompareProductInformation -->
    <test name="TestCompareCharacteristics" duration-ms="16091" started-at="2013-11-11T15:32:46Z" finished-at="2013-11-11T15:33:02Z">
      <class name="com.epam.tests.TestCompareCharacteristics">
        <test-method status="PASS" signature="setUp()[pri:0, instance:com.epam.tests.TestCompareCharacteristics@6b2ab7]" name="setUp" is-config="true" duration-ms="57" started-at="2013-11-11T17:32:46Z" finished-at="2013-11-11T17:32:46Z">
          <reporter-output>
          </reporter-output>
        </test-method> <!-- setUp -->
        <test-method status="PASS" signature="setUpMethod()[pri:0, instance:com.epam.tests.TestCompareCharacteristics@6b2ab7]" name="setUpMethod" is-config="true" duration-ms="4" started-at="2013-11-11T17:32:46Z" finished-at="2013-11-11T17:32:46Z">
          <reporter-output>
          </reporter-output>
        </test-method> <!-- setUpMethod -->
        <test-method status="FAIL" signature="CheckEquality(java.lang.String, java.lang.Double)[pri:0, instance:com.epam.tests.TestCompareCharacteristics@6b2ab7]" name="CheckEquality" duration-ms="15906" started-at="2013-11-11T17:32:46Z" data-provider="baseDataProvider" finished-at="2013-11-11T17:33:02Z">
          <params>
            <param index="0">
              <value>
                <![CDATA[Вентиляторы]]>
              </value>
            </param>
            <param index="1">
              <value>
                <![CDATA[3.0]]>
              </value>
            </param>
          </params>
          <exception class="java.lang.IndexOutOfBoundsException">
            <message>
              <![CDATA[Index: 3, Size: 0]]>
            </message>
            <full-stacktrace>
              <![CDATA[java.lang.IndexOutOfBoundsException: Index: 3, Size: 0
	at java.util.ArrayList.rangeCheck(ArrayList.java:604)
	at java.util.ArrayList.get(ArrayList.java:382)
	at sun.reflect.GeneratedMethodAccessor5.invoke(Unknown Source)
	at sun.reflect.DelegatingMethodAccessorImpl.invoke(DelegatingMethodAccessorImpl.java:43)
	at java.lang.reflect.Method.invoke(Method.java:601)
	at org.openqa.selenium.support.pagefactory.internal.LocatingElementListHandler.invoke(LocatingElementListHandler.java:38)
	at com.sun.proxy.$Proxy10.get(Unknown Source)
	at com.epam.helpers.CompareCharacteristicsHelper.CheckEquality(CompareCharacteristicsHelper.java:28)
	at com.epam.tests.TestCompareCharacteristics.CheckEquality(TestCompareCharacteristics.java:49)
	at sun.reflect.NativeMethodAccessorImpl.invoke0(Native Method)
	at sun.reflect.NativeMethodAccessorImpl.invoke(NativeMethodAccessorImpl.java:57)
	at sun.reflect.DelegatingMethodAccessorImpl.invoke(DelegatingMethodAccessorImpl.java:43)
	at java.lang.reflect.Method.invoke(Method.java:601)
	at org.testng.internal.MethodInvocationHelper.invokeMethod(MethodInvocationHelper.java:84)
	at org.testng.internal.Invoker.invokeMethod(Invoker.java:714)
	at org.testng.internal.Invoker.invokeTestMethod(Invoker.java:901)
	at org.testng.internal.Invoker.invokeTestMethods(Invoker.java:1231)
	at org.testng.internal.TestMethodWorker.invokeTestMethods(TestMethodWorker.java:127)
	at org.testng.internal.TestMethodWorker.run(TestMethodWorker.java:111)
	at org.testng.TestRunner.privateRun(TestRunner.java:767)
	at org.testng.TestRunner.run(TestRunner.java:617)
	at org.testng.SuiteRunner.runTest(SuiteRunner.java:334)
	at org.testng.SuiteRunner.runSequentially(SuiteRunner.java:329)
	at org.testng.SuiteRunner.privateRun(SuiteRunner.java:291)
	at org.testng.SuiteRunner.run(SuiteRunner.java:240)
	at org.testng.SuiteRunnerWorker.runSuite(SuiteRunnerWorker.java:52)
	at org.testng.SuiteRunnerWorker.run(SuiteRunnerWorker.java:86)
	at org.testng.TestNG.runSuitesSequentially(TestNG.java:1224)
	at org.testng.TestNG.runSuitesLocally(TestNG.java:1149)
	at org.testng.TestNG.run(TestNG.java:1057)
	at org.testng.remote.RemoteTestNG.run(RemoteTestNG.java:111)
	at org.testng.remote.RemoteTestNG.initAndRun(RemoteTestNG.java:204)
	at org.testng.remote.RemoteTestNG.main(RemoteTestNG.java:175)
]]>
            </full-stacktrace>
          </exception> <!-- java.lang.IndexOutOfBoundsException -->
          <reporter-output>
            <line>
              <![CDATA[<br /><a href='D:\EclipseWorkSpace\MavenPmComUa\test-output\Self mail sending\FailTestScreenshot_CheckEquality_2013-11-11_17-33-02.png'><img src='D:\EclipseWorkSpace\MavenPmComUa\test-output\Self mail sending\FailTestScreenshot_CheckEquality_2013-11-11_17-33-02.png' hight='100' width='100' /></a>]]>
            </line>
          </reporter-output>
        </test-method> <!-- CheckEquality -->
        <test-method status="PASS" signature="tearDown()[pri:0, instance:com.epam.tests.TestCompareCharacteristics@6b2ab7]" name="tearDown" is-config="true" duration-ms="366" started-at="2013-11-11T17:33:02Z" finished-at="2013-11-11T17:33:02Z">
          <reporter-output>
          </reporter-output>
        </test-method> <!-- tearDown -->
      </class> <!-- com.epam.tests.TestCompareCharacteristics -->
    </test> <!-- TestCompareCharacteristics -->
  </suite> <!-- Self mail sending -->
</testng-results>
