<?xml version="1.0" encoding="UTF-8"?>
<testng-results skipped="0" failed="0" total="1" passed="1">
  <reporter-output>
    <line>
      <![CDATA[Check of filters is complete]]>
    </line>
  </reporter-output>
  <suite name="Default suite" duration-ms="46616" started-at="2013-11-11T09:05:43Z" finished-at="2013-11-11T09:06:30Z">
    <groups>
    </groups>
    <test name="Default test" duration-ms="46616" started-at="2013-11-11T09:05:43Z" finished-at="2013-11-11T09:06:30Z">
      <class name="com.epam.tests.TestCheckFunctionsFilter">
        <test-method status="PASS" signature="setUp()[pri:0, instance:com.epam.tests.TestCheckFunctionsFilter@1ee2310]" name="setUp" is-config="true" duration-ms="9695" started-at="2013-11-11T11:05:43Z" finished-at="2013-11-11T11:05:53Z">
          <reporter-output>
          </reporter-output>
        </test-method> <!-- setUp -->
        <test-method status="PASS" signature="setUpMethod()[pri:0, instance:com.epam.tests.TestCheckFunctionsFilter@1ee2310]" name="setUpMethod" is-config="true" duration-ms="75" started-at="2013-11-11T11:05:54Z" finished-at="2013-11-11T11:05:54Z">
          <reporter-output>
          </reporter-output>
        </test-method> <!-- setUpMethod -->
        <test-method status="PASS" signature="CheckFunctionsFilter(java.lang.String, java.lang.String)[pri:0, instance:com.epam.tests.TestCheckFunctionsFilter@1ee2310]" name="CheckFunctionsFilter" duration-ms="36037" started-at="2013-11-11T11:05:54Z" data-provider="baseDataProvider" finished-at="2013-11-11T11:06:30Z">
          <params>
            <param index="0">
              <value>
                <![CDATA[Хлебопечи]]>
              </value>
            </param>
            <param index="1">
              <value>
                <![CDATA[Регулировка веса]]>
              </value>
            </param>
          </params>
          <reporter-output>
            <line>
              <![CDATA[Check of filters is complete]]>
            </line>
          </reporter-output>
        </test-method> <!-- CheckFunctionsFilter -->
        <test-method status="PASS" signature="tearDown()[pri:0, instance:com.epam.tests.TestCheckFunctionsFilter@1ee2310]" name="tearDown" is-config="true" duration-ms="309" started-at="2013-11-11T11:06:30Z" finished-at="2013-11-11T11:06:30Z">
          <reporter-output>
          </reporter-output>
        </test-method> <!-- tearDown -->
      </class> <!-- com.epam.tests.TestCheckFunctionsFilter -->
    </test> <!-- Default test -->
  </suite> <!-- Default suite -->
</testng-results>
