<?xml version="1.0" encoding="UTF-8"?>
<testng-results skipped="0" failed="0" total="2" passed="2">
  <reporter-output>
    <line>
      <![CDATA[Find the function which title equals entered product.<br>]]>
    </line>
    <line>
      <![CDATA[Click on product link.<br>]]>
    </line>
    <line>
      <![CDATA[Check match the  product description in 'Catalog' and 'InformationAboutProduct' sections.<br>]]>
    </line>
    <line>
      <![CDATA[Add product to compare.<br>]]>
    </line>
    <line>
      <![CDATA[Click on title of product.<br>]]>
    </line>
    <line>
      <![CDATA[Get characteristics of product and save them in 'map' '.<br>]]>
    </line>
    <line>
      <![CDATA[Click on link 'compareLine'.<br>]]>
    </line>
    <line>
      <![CDATA[Get product title from comparative table .<br>]]>
    </line>
    <line>
      <![CDATA[Get product title from comparative table .<br>]]>
    </line>
    <line>
      <![CDATA[Get product title from comparative table .<br>]]>
    </line>
    <line>
      <![CDATA[Get product title from comparative table .<br>]]>
    </line>
    <line>
      <![CDATA[Get product title from comparative table .<br>]]>
    </line>
    <line>
      <![CDATA[Get product title from comparative table .<br>]]>
    </line>
    <line>
      <![CDATA[Get product title from comparative table .<br>]]>
    </line>
    <line>
      <![CDATA[Get product title from comparative table .<br>]]>
    </line>
    <line>
      <![CDATA[Get product title from comparative table .<br>]]>
    </line>
    <line>
      <![CDATA[Get product title from comparative table .<br>]]>
    </line>
    <line>
      <![CDATA[Get product title from comparative table .<br>]]>
    </line>
    <line>
      <![CDATA[Get product title from comparative table .<br>]]>
    </line>
    <line>
      <![CDATA[Get product title from comparative table .<br>]]>
    </line>
    <line>
      <![CDATA[Get product title from comparative table .<br>]]>
    </line>
    <line>
      <![CDATA[Get product title from comparative table .<br>]]>
    </line>
    <line>
      <![CDATA[Get product value from specified column.<br>]]>
    </line>
    <line>
      <![CDATA[Get product title from comparative table .<br>]]>
    </line>
    <line>
      <![CDATA[Get product title from comparative table .<br>]]>
    </line>
    <line>
      <![CDATA[Get product title from comparative table .<br>]]>
    </line>
    <line>
      <![CDATA[Get product title from comparative table .<br>]]>
    </line>
    <line>
      <![CDATA[Get product title from comparative table .<br>]]>
    </line>
    <line>
      <![CDATA[Get product title from comparative table .<br>]]>
    </line>
    <line>
      <![CDATA[Get product value from specified column.<br>]]>
    </line>
    <line>
      <![CDATA[Get product title from comparative table .<br>]]>
    </line>
    <line>
      <![CDATA[Get product title from comparative table .<br>]]>
    </line>
    <line>
      <![CDATA[Get product title from comparative table .<br>]]>
    </line>
    <line>
      <![CDATA[Get product title from comparative table .<br>]]>
    </line>
    <line>
      <![CDATA[Get product title from comparative table .<br>]]>
    </line>
    <line>
      <![CDATA[Get product title from comparative table .<br>]]>
    </line>
    <line>
      <![CDATA[Get product title from comparative table .<br>]]>
    </line>
    <line>
      <![CDATA[Get product title from comparative table .<br>]]>
    </line>
    <line>
      <![CDATA[Get product title from comparative table .<br>]]>
    </line>
    <line>
      <![CDATA[Get product title from comparative table .<br>]]>
    </line>
    <line>
      <![CDATA[Get product title from comparative table .<br>]]>
    </line>
    <line>
      <![CDATA[Get product value from specified column.<br>]]>
    </line>
    <line>
      <![CDATA[Get product title from comparative table .<br>]]>
    </line>
    <line>
      <![CDATA[Get product title from comparative table .<br>]]>
    </line>
    <line>
      <![CDATA[Get product title from comparative table .<br>]]>
    </line>
    <line>
      <![CDATA[Get product title from comparative table .<br>]]>
    </line>
    <line>
      <![CDATA[Get product title from comparative table .<br>]]>
    </line>
    <line>
      <![CDATA[Get product title from comparative table .<br>]]>
    </line>
    <line>
      <![CDATA[Get product title from comparative table .<br>]]>
    </line>
    <line>
      <![CDATA[Get product title from comparative table .<br>]]>
    </line>
    <line>
      <![CDATA[Get product title from comparative table .<br>]]>
    </line>
    <line>
      <![CDATA[Get product title from comparative table .<br>]]>
    </line>
    <line>
      <![CDATA[Get product title from comparative table .<br>]]>
    </line>
    <line>
      <![CDATA[Get product title from comparative table .<br>]]>
    </line>
    <line>
      <![CDATA[Get product title from comparative table .<br>]]>
    </line>
    <line>
      <![CDATA[Get product title from comparative table .<br>]]>
    </line>
    <line>
      <![CDATA[Get product title from comparative table .<br>]]>
    </line>
    <line>
      <![CDATA[Get product title from comparative table .<br>]]>
    </line>
    <line>
      <![CDATA[Get product title from comparative table .<br>]]>
    </line>
    <line>
      <![CDATA[Get product title from comparative table .<br>]]>
    </line>
    <line>
      <![CDATA[Get product title from comparative table .<br>]]>
    </line>
    <line>
      <![CDATA[Get product title from comparative table .<br>]]>
    </line>
    <line>
      <![CDATA[Get product title from comparative table .<br>]]>
    </line>
    <line>
      <![CDATA[Get product title from comparative table .<br>]]>
    </line>
    <line>
      <![CDATA[Get product title from comparative table .<br>]]>
    </line>
    <line>
      <![CDATA[Get product title from comparative table .<br>]]>
    </line>
    <line>
      <![CDATA[Get product title from comparative table .<br>]]>
    </line>
    <line>
      <![CDATA[Get product title from comparative table .<br>]]>
    </line>
    <line>
      <![CDATA[Get product title from comparative table .<br>]]>
    </line>
    <line>
      <![CDATA[Get product value from specified column.<br>]]>
    </line>
    <line>
      <![CDATA[Get product title from comparative table .<br>]]>
    </line>
    <line>
      <![CDATA[Get product title from comparative table .<br>]]>
    </line>
    <line>
      <![CDATA[Get product value from specified column.<br>]]>
    </line>
    <line>
      <![CDATA[Get product title from comparative table .<br>]]>
    </line>
    <line>
      <![CDATA[Get product title from comparative table .<br>]]>
    </line>
    <line>
      <![CDATA[Get product title from comparative table .<br>]]>
    </line>
    <line>
      <![CDATA[Get product title from comparative table .<br>]]>
    </line>
    <line>
      <![CDATA[Get product title from comparative table .<br>]]>
    </line>
    <line>
      <![CDATA[Get product title from comparative table .<br>]]>
    </line>
    <line>
      <![CDATA[Get product title from comparative table .<br>]]>
    </line>
    <line>
      <![CDATA[Get product title from comparative table .<br>]]>
    </line>
    <line>
      <![CDATA[Get product title from comparative table .<br>]]>
    </line>
    <line>
      <![CDATA[Get product title from comparative table .<br>]]>
    </line>
    <line>
      <![CDATA[Get product title from comparative table .<br>]]>
    </line>
    <line>
      <![CDATA[Get product title from comparative table .<br>]]>
    </line>
    <line>
      <![CDATA[Get product title from comparative table .<br>]]>
    </line>
    <line>
      <![CDATA[Get product title from comparative table .<br>]]>
    </line>
    <line>
      <![CDATA[Get product title from comparative table .<br>]]>
    </line>
    <line>
      <![CDATA[Get product title from comparative table .<br>]]>
    </line>
    <line>
      <![CDATA[Get product title from comparative table .<br>]]>
    </line>
    <line>
      <![CDATA[Get product title from comparative table .<br>]]>
    </line>
    <line>
      <![CDATA[Get product title from comparative table .<br>]]>
    </line>
    <line>
      <![CDATA[Get product title from comparative table .<br>]]>
    </line>
    <line>
      <![CDATA[Get product title from comparative table .<br>]]>
    </line>
    <line>
      <![CDATA[Get product title from comparative table .<br>]]>
    </line>
    <line>
      <![CDATA[Get product title from comparative table .<br>]]>
    </line>
    <line>
      <![CDATA[Get product title from comparative table .<br>]]>
    </line>
    <line>
      <![CDATA[Get product title from comparative table .<br>]]>
    </line>
    <line>
      <![CDATA[Get product title from comparative table .<br>]]>
    </line>
    <line>
      <![CDATA[Get product value from specified column.<br>]]>
    </line>
    <line>
      <![CDATA[Get product title from comparative table .<br>]]>
    </line>
    <line>
      <![CDATA[Get product title from comparative table .<br>]]>
    </line>
    <line>
      <![CDATA[Get product title from comparative table .<br>]]>
    </line>
    <line>
      <![CDATA[Click on link 'pageBreadcrumbs' for go to catalog.<br>]]>
    </line>
    <line>
      <![CDATA[Add product to compare.<br>]]>
    </line>
    <line>
      <![CDATA[Click on title of product.<br>]]>
    </line>
    <line>
      <![CDATA[Get characteristics of product and save them in 'map' '.<br>]]>
    </line>
    <line>
      <![CDATA[Click on link 'compareLine'.<br>]]>
    </line>
    <line>
      <![CDATA[Get product title from comparative table .<br>]]>
    </line>
    <line>
      <![CDATA[Get product title from comparative table .<br>]]>
    </line>
    <line>
      <![CDATA[Get product title from comparative table .<br>]]>
    </line>
    <line>
      <![CDATA[Get product value from specified column.<br>]]>
    </line>
    <line>
      <![CDATA[Get product title from comparative table .<br>]]>
    </line>
    <line>
      <![CDATA[Get product title from comparative table .<br>]]>
    </line>
    <line>
      <![CDATA[Get product title from comparative table .<br>]]>
    </line>
    <line>
      <![CDATA[Get product title from comparative table .<br>]]>
    </line>
    <line>
      <![CDATA[Get product title from comparative table .<br>]]>
    </line>
    <line>
      <![CDATA[Get product title from comparative table .<br>]]>
    </line>
    <line>
      <![CDATA[Get product title from comparative table .<br>]]>
    </line>
    <line>
      <![CDATA[Get product title from comparative table .<br>]]>
    </line>
    <line>
      <![CDATA[Get product title from comparative table .<br>]]>
    </line>
    <line>
      <![CDATA[Get product title from comparative table .<br>]]>
    </line>
    <line>
      <![CDATA[Get product title from comparative table .<br>]]>
    </line>
    <line>
      <![CDATA[Get product title from comparative table .<br>]]>
    </line>
    <line>
      <![CDATA[Get product title from comparative table .<br>]]>
    </line>
    <line>
      <![CDATA[Get product title from comparative table .<br>]]>
    </line>
    <line>
      <![CDATA[Get product value from specified column.<br>]]>
    </line>
    <line>
      <![CDATA[Get product title from comparative table .<br>]]>
    </line>
    <line>
      <![CDATA[Get product title from comparative table .<br>]]>
    </line>
    <line>
      <![CDATA[Get product title from comparative table .<br>]]>
    </line>
    <line>
      <![CDATA[Get product title from comparative table .<br>]]>
    </line>
    <line>
      <![CDATA[Get product title from comparative table .<br>]]>
    </line>
    <line>
      <![CDATA[Get product title from comparative table .<br>]]>
    </line>
    <line>
      <![CDATA[Get product title from comparative table .<br>]]>
    </line>
    <line>
      <![CDATA[Get product title from comparative table .<br>]]>
    </line>
    <line>
      <![CDATA[Get product title from comparative table .<br>]]>
    </line>
    <line>
      <![CDATA[Get product title from comparative table .<br>]]>
    </line>
    <line>
      <![CDATA[Get product title from comparative table .<br>]]>
    </line>
    <line>
      <![CDATA[Get product title from comparative table .<br>]]>
    </line>
    <line>
      <![CDATA[Get product title from comparative table .<br>]]>
    </line>
    <line>
      <![CDATA[Get product title from comparative table .<br>]]>
    </line>
    <line>
      <![CDATA[Get product value from specified column.<br>]]>
    </line>
    <line>
      <![CDATA[Get product title from comparative table .<br>]]>
    </line>
    <line>
      <![CDATA[Get product title from comparative table .<br>]]>
    </line>
    <line>
      <![CDATA[Get product title from comparative table .<br>]]>
    </line>
    <line>
      <![CDATA[Get product title from comparative table .<br>]]>
    </line>
    <line>
      <![CDATA[Get product title from comparative table .<br>]]>
    </line>
    <line>
      <![CDATA[Get product title from comparative table .<br>]]>
    </line>
    <line>
      <![CDATA[Get product title from comparative table .<br>]]>
    </line>
    <line>
      <![CDATA[Get product title from comparative table .<br>]]>
    </line>
    <line>
      <![CDATA[Get product title from comparative table .<br>]]>
    </line>
    <line>
      <![CDATA[Get product title from comparative table .<br>]]>
    </line>
    <line>
      <![CDATA[Get product title from comparative table .<br>]]>
    </line>
    <line>
      <![CDATA[Get product title from comparative table .<br>]]>
    </line>
    <line>
      <![CDATA[Get product title from comparative table .<br>]]>
    </line>
    <line>
      <![CDATA[Get product title from comparative table .<br>]]>
    </line>
    <line>
      <![CDATA[Get product title from comparative table .<br>]]>
    </line>
    <line>
      <![CDATA[Get product title from comparative table .<br>]]>
    </line>
    <line>
      <![CDATA[Get product title from comparative table .<br>]]>
    </line>
    <line>
      <![CDATA[Get product title from comparative table .<br>]]>
    </line>
    <line>
      <![CDATA[Get product title from comparative table .<br>]]>
    </line>
    <line>
      <![CDATA[Get product title from comparative table .<br>]]>
    </line>
    <line>
      <![CDATA[Get product title from comparative table .<br>]]>
    </line>
    <line>
      <![CDATA[Get product title from comparative table .<br>]]>
    </line>
    <line>
      <![CDATA[Get product title from comparative table .<br>]]>
    </line>
    <line>
      <![CDATA[Get product title from comparative table .<br>]]>
    </line>
    <line>
      <![CDATA[Get product title from comparative table .<br>]]>
    </line>
    <line>
      <![CDATA[Get product title from comparative table .<br>]]>
    </line>
    <line>
      <![CDATA[Get product value from specified column.<br>]]>
    </line>
    <line>
      <![CDATA[Get product title from comparative table .<br>]]>
    </line>
    <line>
      <![CDATA[Get product title from comparative table .<br>]]>
    </line>
    <line>
      <![CDATA[Get product title from comparative table .<br>]]>
    </line>
    <line>
      <![CDATA[Get product title from comparative table .<br>]]>
    </line>
    <line>
      <![CDATA[Get product title from comparative table .<br>]]>
    </line>
    <line>
      <![CDATA[Get product title from comparative table .<br>]]>
    </line>
    <line>
      <![CDATA[Get product title from comparative table .<br>]]>
    </line>
    <line>
      <![CDATA[Get product title from comparative table .<br>]]>
    </line>
    <line>
      <![CDATA[Get product title from comparative table .<br>]]>
    </line>
    <line>
      <![CDATA[Get product title from comparative table .<br>]]>
    </line>
    <line>
      <![CDATA[Get product title from comparative table .<br>]]>
    </line>
    <line>
      <![CDATA[Get product title from comparative table .<br>]]>
    </line>
    <line>
      <![CDATA[Get product title from comparative table .<br>]]>
    </line>
    <line>
      <![CDATA[Get product title from comparative table .<br>]]>
    </line>
    <line>
      <![CDATA[Get product value from specified column.<br>]]>
    </line>
    <line>
      <![CDATA[Get product title from comparative table .<br>]]>
    </line>
    <line>
      <![CDATA[Get product title from comparative table .<br>]]>
    </line>
    <line>
      <![CDATA[Get product title from comparative table .<br>]]>
    </line>
    <line>
      <![CDATA[Get product title from comparative table .<br>]]>
    </line>
    <line>
      <![CDATA[Click on link 'pageBreadcrumbs' for go to catalog.<br>]]>
    </line>
    <line>
      <![CDATA[Add product to compare.<br>]]>
    </line>
    <line>
      <![CDATA[Click on title of product.<br>]]>
    </line>
    <line>
      <![CDATA[Get characteristics of product and save them in 'map' '.<br>]]>
    </line>
    <line>
      <![CDATA[Click on link 'compareLine'.<br>]]>
    </line>
    <line>
      <![CDATA[Get product title from comparative table .<br>]]>
    </line>
    <line>
      <![CDATA[Get product title from comparative table .<br>]]>
    </line>
    <line>
      <![CDATA[Get product title from comparative table .<br>]]>
    </line>
    <line>
      <![CDATA[Get product title from comparative table .<br>]]>
    </line>
    <line>
      <![CDATA[Get product title from comparative table .<br>]]>
    </line>
    <line>
      <![CDATA[Get product title from comparative table .<br>]]>
    </line>
    <line>
      <![CDATA[Get product title from comparative table .<br>]]>
    </line>
    <line>
      <![CDATA[Get product title from comparative table .<br>]]>
    </line>
    <line>
      <![CDATA[Get product title from comparative table .<br>]]>
    </line>
    <line>
      <![CDATA[Get product title from comparative table .<br>]]>
    </line>
    <line>
      <![CDATA[Get product title from comparative table .<br>]]>
    </line>
    <line>
      <![CDATA[Get product title from comparative table .<br>]]>
    </line>
    <line>
      <![CDATA[Get product title from comparative table .<br>]]>
    </line>
    <line>
      <![CDATA[Get product title from comparative table .<br>]]>
    </line>
    <line>
      <![CDATA[Get product title from comparative table .<br>]]>
    </line>
    <line>
      <![CDATA[Get product value from specified column.<br>]]>
    </line>
    <line>
      <![CDATA[Get product title from comparative table .<br>]]>
    </line>
    <line>
      <![CDATA[Get product title from comparative table .<br>]]>
    </line>
    <line>
      <![CDATA[Get product title from comparative table .<br>]]>
    </line>
    <line>
      <![CDATA[Get product title from comparative table .<br>]]>
    </line>
    <line>
      <![CDATA[Get product title from comparative table .<br>]]>
    </line>
    <line>
      <![CDATA[Get product title from comparative table .<br>]]>
    </line>
    <line>
      <![CDATA[Get product value from specified column.<br>]]>
    </line>
    <line>
      <![CDATA[Get product title from comparative table .<br>]]>
    </line>
    <line>
      <![CDATA[Get product title from comparative table .<br>]]>
    </line>
    <line>
      <![CDATA[Get product title from comparative table .<br>]]>
    </line>
    <line>
      <![CDATA[Get product title from comparative table .<br>]]>
    </line>
    <line>
      <![CDATA[Get product title from comparative table .<br>]]>
    </line>
    <line>
      <![CDATA[Get product title from comparative table .<br>]]>
    </line>
    <line>
      <![CDATA[Get product title from comparative table .<br>]]>
    </line>
    <line>
      <![CDATA[Get product title from comparative table .<br>]]>
    </line>
    <line>
      <![CDATA[Get product title from comparative table .<br>]]>
    </line>
    <line>
      <![CDATA[Get product title from comparative table .<br>]]>
    </line>
    <line>
      <![CDATA[Get product title from comparative table .<br>]]>
    </line>
    <line>
      <![CDATA[Get product value from specified column.<br>]]>
    </line>
    <line>
      <![CDATA[Get product title from comparative table .<br>]]>
    </line>
    <line>
      <![CDATA[Get product title from comparative table .<br>]]>
    </line>
    <line>
      <![CDATA[Get product title from comparative table .<br>]]>
    </line>
    <line>
      <![CDATA[Get product title from comparative table .<br>]]>
    </line>
    <line>
      <![CDATA[Get product title from comparative table .<br>]]>
    </line>
    <line>
      <![CDATA[Get product title from comparative table .<br>]]>
    </line>
    <line>
      <![CDATA[Get product title from comparative table .<br>]]>
    </line>
    <line>
      <![CDATA[Get product title from comparative table .<br>]]>
    </line>
    <line>
      <![CDATA[Get product title from comparative table .<br>]]>
    </line>
    <line>
      <![CDATA[Get product title from comparative table .<br>]]>
    </line>
    <line>
      <![CDATA[Get product title from comparative table .<br>]]>
    </line>
    <line>
      <![CDATA[Get product title from comparative table .<br>]]>
    </line>
    <line>
      <![CDATA[Get product title from comparative table .<br>]]>
    </line>
    <line>
      <![CDATA[Get product title from comparative table .<br>]]>
    </line>
    <line>
      <![CDATA[Get product title from comparative table .<br>]]>
    </line>
    <line>
      <![CDATA[Get product title from comparative table .<br>]]>
    </line>
    <line>
      <![CDATA[Get product title from comparative table .<br>]]>
    </line>
    <line>
      <![CDATA[Get product title from comparative table .<br>]]>
    </line>
    <line>
      <![CDATA[Get product title from comparative table .<br>]]>
    </line>
    <line>
      <![CDATA[Get product title from comparative table .<br>]]>
    </line>
    <line>
      <![CDATA[Get product title from comparative table .<br>]]>
    </line>
    <line>
      <![CDATA[Get product title from comparative table .<br>]]>
    </line>
    <line>
      <![CDATA[Get product title from comparative table .<br>]]>
    </line>
    <line>
      <![CDATA[Get product title from comparative table .<br>]]>
    </line>
    <line>
      <![CDATA[Get product title from comparative table .<br>]]>
    </line>
    <line>
      <![CDATA[Get product title from comparative table .<br>]]>
    </line>
    <line>
      <![CDATA[Get product title from comparative table .<br>]]>
    </line>
    <line>
      <![CDATA[Get product value from specified column.<br>]]>
    </line>
    <line>
      <![CDATA[Get product title from comparative table .<br>]]>
    </line>
    <line>
      <![CDATA[Get product title from comparative table .<br>]]>
    </line>
    <line>
      <![CDATA[Get product value from specified column.<br>]]>
    </line>
    <line>
      <![CDATA[Get product title from comparative table .<br>]]>
    </line>
    <line>
      <![CDATA[Get product title from comparative table .<br>]]>
    </line>
    <line>
      <![CDATA[Get product title from comparative table .<br>]]>
    </line>
    <line>
      <![CDATA[Get product title from comparative table .<br>]]>
    </line>
    <line>
      <![CDATA[Get product title from comparative table .<br>]]>
    </line>
    <line>
      <![CDATA[Get product title from comparative table .<br>]]>
    </line>
    <line>
      <![CDATA[Get product title from comparative table .<br>]]>
    </line>
    <line>
      <![CDATA[Get product title from comparative table .<br>]]>
    </line>
    <line>
      <![CDATA[Get product title from comparative table .<br>]]>
    </line>
    <line>
      <![CDATA[Get product title from comparative table .<br>]]>
    </line>
    <line>
      <![CDATA[Get product title from comparative table .<br>]]>
    </line>
    <line>
      <![CDATA[Get product title from comparative table .<br>]]>
    </line>
    <line>
      <![CDATA[Get product title from comparative table .<br>]]>
    </line>
    <line>
      <![CDATA[Get product title from comparative table .<br>]]>
    </line>
    <line>
      <![CDATA[Get product title from comparative table .<br>]]>
    </line>
    <line>
      <![CDATA[Get product title from comparative table .<br>]]>
    </line>
    <line>
      <![CDATA[Get product title from comparative table .<br>]]>
    </line>
    <line>
      <![CDATA[Get product title from comparative table .<br>]]>
    </line>
    <line>
      <![CDATA[Get product title from comparative table .<br>]]>
    </line>
    <line>
      <![CDATA[Get product title from comparative table .<br>]]>
    </line>
    <line>
      <![CDATA[Get product title from comparative table .<br>]]>
    </line>
    <line>
      <![CDATA[Get product title from comparative table .<br>]]>
    </line>
    <line>
      <![CDATA[Get product title from comparative table .<br>]]>
    </line>
    <line>
      <![CDATA[Get product title from comparative table .<br>]]>
    </line>
    <line>
      <![CDATA[Get product title from comparative table .<br>]]>
    </line>
    <line>
      <![CDATA[Get product title from comparative table .<br>]]>
    </line>
    <line>
      <![CDATA[Get product value from specified column.<br>]]>
    </line>
    <line>
      <![CDATA[Get product title from comparative table .<br>]]>
    </line>
    <line>
      <![CDATA[Get product title from comparative table .<br>]]>
    </line>
    <line>
      <![CDATA[Get product title from comparative table .<br>]]>
    </line>
    <line>
      <![CDATA[Click on link 'pageBreadcrumbs' for go to catalog.<br>]]>
    </line>
    <line>
      <![CDATA[Check correct marking of rows in comparative table.<br>]]>
    </line>
    <line>
      <![CDATA[Find the function which title equals entered product.<br>]]>
    </line>
    <line>
      <![CDATA[Click on product link.<br>]]>
    </line>
    <line>
      <![CDATA[Check match the  product description in 'Catalog' and 'InformationAboutProduct' sections.<br>]]>
    </line>
    <line>
      <![CDATA[Add product to compare.<br>]]>
    </line>
    <line>
      <![CDATA[Click on title of product.<br>]]>
    </line>
    <line>
      <![CDATA[Get characteristics of product and save them in 'map' '.<br>]]>
    </line>
    <line>
      <![CDATA[Click on link 'compareLine'.<br>]]>
    </line>
    <line>
      <![CDATA[Get product title from comparative table .<br>]]>
    </line>
    <line>
      <![CDATA[Get product title from comparative table .<br>]]>
    </line>
    <line>
      <![CDATA[Get product title from comparative table .<br>]]>
    </line>
    <line>
      <![CDATA[Get product title from comparative table .<br>]]>
    </line>
    <line>
      <![CDATA[Get product title from comparative table .<br>]]>
    </line>
    <line>
      <![CDATA[Get product title from comparative table .<br>]]>
    </line>
    <line>
      <![CDATA[Get product title from comparative table .<br>]]>
    </line>
    <line>
      <![CDATA[Get product title from comparative table .<br>]]>
    </line>
    <line>
      <![CDATA[Get product value from specified column.<br>]]>
    </line>
    <line>
      <![CDATA[Get product title from comparative table .<br>]]>
    </line>
    <line>
      <![CDATA[Get product title from comparative table .<br>]]>
    </line>
    <line>
      <![CDATA[Get product title from comparative table .<br>]]>
    </line>
    <line>
      <![CDATA[Get product title from comparative table .<br>]]>
    </line>
    <line>
      <![CDATA[Get product title from comparative table .<br>]]>
    </line>
    <line>
      <![CDATA[Get product title from comparative table .<br>]]>
    </line>
    <line>
      <![CDATA[Get product title from comparative table .<br>]]>
    </line>
    <line>
      <![CDATA[Get product title from comparative table .<br>]]>
    </line>
    <line>
      <![CDATA[Get product title from comparative table .<br>]]>
    </line>
    <line>
      <![CDATA[Get product title from comparative table .<br>]]>
    </line>
    <line>
      <![CDATA[Get product title from comparative table .<br>]]>
    </line>
    <line>
      <![CDATA[Get product title from comparative table .<br>]]>
    </line>
    <line>
      <![CDATA[Get product title from comparative table .<br>]]>
    </line>
    <line>
      <![CDATA[Get product title from comparative table .<br>]]>
    </line>
    <line>
      <![CDATA[Get product title from comparative table .<br>]]>
    </line>
    <line>
      <![CDATA[Get product title from comparative table .<br>]]>
    </line>
    <line>
      <![CDATA[Get product title from comparative table .<br>]]>
    </line>
    <line>
      <![CDATA[Get product title from comparative table .<br>]]>
    </line>
    <line>
      <![CDATA[Get product title from comparative table .<br>]]>
    </line>
    <line>
      <![CDATA[Get product title from comparative table .<br>]]>
    </line>
    <line>
      <![CDATA[Get product value from specified column.<br>]]>
    </line>
    <line>
      <![CDATA[Get product title from comparative table .<br>]]>
    </line>
    <line>
      <![CDATA[Get product title from comparative table .<br>]]>
    </line>
    <line>
      <![CDATA[Get product title from comparative table .<br>]]>
    </line>
    <line>
      <![CDATA[Get product title from comparative table .<br>]]>
    </line>
    <line>
      <![CDATA[Get product value from specified column.<br>]]>
    </line>
    <line>
      <![CDATA[Get product title from comparative table .<br>]]>
    </line>
    <line>
      <![CDATA[Get product title from comparative table .<br>]]>
    </line>
    <line>
      <![CDATA[Get product title from comparative table .<br>]]>
    </line>
    <line>
      <![CDATA[Get product title from comparative table .<br>]]>
    </line>
    <line>
      <![CDATA[Get product title from comparative table .<br>]]>
    </line>
    <line>
      <![CDATA[Get product title from comparative table .<br>]]>
    </line>
    <line>
      <![CDATA[Get product title from comparative table .<br>]]>
    </line>
    <line>
      <![CDATA[Get product title from comparative table .<br>]]>
    </line>
    <line>
      <![CDATA[Get product title from comparative table .<br>]]>
    </line>
    <line>
      <![CDATA[Get product title from comparative table .<br>]]>
    </line>
    <line>
      <![CDATA[Get product title from comparative table .<br>]]>
    </line>
    <line>
      <![CDATA[Get product title from comparative table .<br>]]>
    </line>
    <line>
      <![CDATA[Get product title from comparative table .<br>]]>
    </line>
    <line>
      <![CDATA[Get product title from comparative table .<br>]]>
    </line>
    <line>
      <![CDATA[Get product title from comparative table .<br>]]>
    </line>
    <line>
      <![CDATA[Get product title from comparative table .<br>]]>
    </line>
    <line>
      <![CDATA[Get product title from comparative table .<br>]]>
    </line>
    <line>
      <![CDATA[Get product title from comparative table .<br>]]>
    </line>
    <line>
      <![CDATA[Get product title from comparative table .<br>]]>
    </line>
    <line>
      <![CDATA[Get product title from comparative table .<br>]]>
    </line>
    <line>
      <![CDATA[Get product title from comparative table .<br>]]>
    </line>
    <line>
      <![CDATA[Get product title from comparative table .<br>]]>
    </line>
    <line>
      <![CDATA[Get product title from comparative table .<br>]]>
    </line>
    <line>
      <![CDATA[Get product value from specified column.<br>]]>
    </line>
    <line>
      <![CDATA[Get product title from comparative table .<br>]]>
    </line>
    <line>
      <![CDATA[Get product title from comparative table .<br>]]>
    </line>
    <line>
      <![CDATA[Get product value from specified column.<br>]]>
    </line>
    <line>
      <![CDATA[Get product title from comparative table .<br>]]>
    </line>
    <line>
      <![CDATA[Get product title from comparative table .<br>]]>
    </line>
    <line>
      <![CDATA[Get product title from comparative table .<br>]]>
    </line>
    <line>
      <![CDATA[Get product title from comparative table .<br>]]>
    </line>
    <line>
      <![CDATA[Get product title from comparative table .<br>]]>
    </line>
    <line>
      <![CDATA[Get product title from comparative table .<br>]]>
    </line>
    <line>
      <![CDATA[Get product title from comparative table .<br>]]>
    </line>
    <line>
      <![CDATA[Get product title from comparative table .<br>]]>
    </line>
    <line>
      <![CDATA[Get product title from comparative table .<br>]]>
    </line>
    <line>
      <![CDATA[Get product title from comparative table .<br>]]>
    </line>
    <line>
      <![CDATA[Get product title from comparative table .<br>]]>
    </line>
    <line>
      <![CDATA[Get product title from comparative table .<br>]]>
    </line>
    <line>
      <![CDATA[Get product title from comparative table .<br>]]>
    </line>
    <line>
      <![CDATA[Get product title from comparative table .<br>]]>
    </line>
    <line>
      <![CDATA[Get product title from comparative table .<br>]]>
    </line>
    <line>
      <![CDATA[Get product title from comparative table .<br>]]>
    </line>
    <line>
      <![CDATA[Get product title from comparative table .<br>]]>
    </line>
    <line>
      <![CDATA[Get product title from comparative table .<br>]]>
    </line>
    <line>
      <![CDATA[Get product title from comparative table .<br>]]>
    </line>
    <line>
      <![CDATA[Get product title from comparative table .<br>]]>
    </line>
    <line>
      <![CDATA[Get product title from comparative table .<br>]]>
    </line>
    <line>
      <![CDATA[Get product title from comparative table .<br>]]>
    </line>
    <line>
      <![CDATA[Get product title from comparative table .<br>]]>
    </line>
    <line>
      <![CDATA[Get product value from specified column.<br>]]>
    </line>
    <line>
      <![CDATA[Get product title from comparative table .<br>]]>
    </line>
    <line>
      <![CDATA[Get product title from comparative table .<br>]]>
    </line>
    <line>
      <![CDATA[Get product title from comparative table .<br>]]>
    </line>
    <line>
      <![CDATA[Get product title from comparative table .<br>]]>
    </line>
    <line>
      <![CDATA[Get product title from comparative table .<br>]]>
    </line>
    <line>
      <![CDATA[Get product title from comparative table .<br>]]>
    </line>
    <line>
      <![CDATA[Get product title from comparative table .<br>]]>
    </line>
    <line>
      <![CDATA[Get product value from specified column.<br>]]>
    </line>
    <line>
      <![CDATA[Get product title from comparative table .<br>]]>
    </line>
    <line>
      <![CDATA[Get product title from comparative table .<br>]]>
    </line>
    <line>
      <![CDATA[Get product title from comparative table .<br>]]>
    </line>
    <line>
      <![CDATA[Get product title from comparative table .<br>]]>
    </line>
    <line>
      <![CDATA[Get product title from comparative table .<br>]]>
    </line>
    <line>
      <![CDATA[Get product title from comparative table .<br>]]>
    </line>
    <line>
      <![CDATA[Get product title from comparative table .<br>]]>
    </line>
    <line>
      <![CDATA[Get product title from comparative table .<br>]]>
    </line>
    <line>
      <![CDATA[Get product title from comparative table .<br>]]>
    </line>
    <line>
      <![CDATA[Get product title from comparative table .<br>]]>
    </line>
    <line>
      <![CDATA[Get product title from comparative table .<br>]]>
    </line>
    <line>
      <![CDATA[Get product title from comparative table .<br>]]>
    </line>
    <line>
      <![CDATA[Get product title from comparative table .<br>]]>
    </line>
    <line>
      <![CDATA[Get product value from specified column.<br>]]>
    </line>
    <line>
      <![CDATA[Get product title from comparative table .<br>]]>
    </line>
    <line>
      <![CDATA[Get product title from comparative table .<br>]]>
    </line>
    <line>
      <![CDATA[Get product title from comparative table .<br>]]>
    </line>
    <line>
      <![CDATA[Get product title from comparative table .<br>]]>
    </line>
    <line>
      <![CDATA[Get product title from comparative table .<br>]]>
    </line>
    <line>
      <![CDATA[Get product title from comparative table .<br>]]>
    </line>
    <line>
      <![CDATA[Get product title from comparative table .<br>]]>
    </line>
    <line>
      <![CDATA[Get product title from comparative table .<br>]]>
    </line>
    <line>
      <![CDATA[Get product title from comparative table .<br>]]>
    </line>
    <line>
      <![CDATA[Get product title from comparative table .<br>]]>
    </line>
    <line>
      <![CDATA[Get product title from comparative table .<br>]]>
    </line>
    <line>
      <![CDATA[Get product title from comparative table .<br>]]>
    </line>
    <line>
      <![CDATA[Get product title from comparative table .<br>]]>
    </line>
    <line>
      <![CDATA[Get product title from comparative table .<br>]]>
    </line>
    <line>
      <![CDATA[Get product title from comparative table .<br>]]>
    </line>
    <line>
      <![CDATA[Get product title from comparative table .<br>]]>
    </line>
    <line>
      <![CDATA[Get product title from comparative table .<br>]]>
    </line>
    <line>
      <![CDATA[Get product title from comparative table .<br>]]>
    </line>
    <line>
      <![CDATA[Get product title from comparative table .<br>]]>
    </line>
    <line>
      <![CDATA[Get product title from comparative table .<br>]]>
    </line>
    <line>
      <![CDATA[Get product title from comparative table .<br>]]>
    </line>
    <line>
      <![CDATA[Get product title from comparative table .<br>]]>
    </line>
    <line>
      <![CDATA[Get product title from comparative table .<br>]]>
    </line>
    <line>
      <![CDATA[Get product title from comparative table .<br>]]>
    </line>
    <line>
      <![CDATA[Get product value from specified column.<br>]]>
    </line>
    <line>
      <![CDATA[Get product title from comparative table .<br>]]>
    </line>
    <line>
      <![CDATA[Get product title from comparative table .<br>]]>
    </line>
    <line>
      <![CDATA[Get product title from comparative table .<br>]]>
    </line>
    <line>
      <![CDATA[Get product title from comparative table .<br>]]>
    </line>
    <line>
      <![CDATA[Get product title from comparative table .<br>]]>
    </line>
    <line>
      <![CDATA[Get product title from comparative table .<br>]]>
    </line>
    <line>
      <![CDATA[Get product title from comparative table .<br>]]>
    </line>
    <line>
      <![CDATA[Get product title from comparative table .<br>]]>
    </line>
    <line>
      <![CDATA[Get product title from comparative table .<br>]]>
    </line>
    <line>
      <![CDATA[Get product title from comparative table .<br>]]>
    </line>
    <line>
      <![CDATA[Get product title from comparative table .<br>]]>
    </line>
    <line>
      <![CDATA[Get product value from specified column.<br>]]>
    </line>
    <line>
      <![CDATA[Get product title from comparative table .<br>]]>
    </line>
    <line>
      <![CDATA[Get product title from comparative table .<br>]]>
    </line>
    <line>
      <![CDATA[Get product title from comparative table .<br>]]>
    </line>
    <line>
      <![CDATA[Get product title from comparative table .<br>]]>
    </line>
    <line>
      <![CDATA[Get product title from comparative table .<br>]]>
    </line>
    <line>
      <![CDATA[Click on link 'pageBreadcrumbs' for go to catalog.<br>]]>
    </line>
    <line>
      <![CDATA[Add product to compare.<br>]]>
    </line>
    <line>
      <![CDATA[Click on title of product.<br>]]>
    </line>
    <line>
      <![CDATA[Get characteristics of product and save them in 'map' '.<br>]]>
    </line>
    <line>
      <![CDATA[Click on link 'compareLine'.<br>]]>
    </line>
    <line>
      <![CDATA[Get product title from comparative table .<br>]]>
    </line>
    <line>
      <![CDATA[Get product title from comparative table .<br>]]>
    </line>
    <line>
      <![CDATA[Get product title from comparative table .<br>]]>
    </line>
    <line>
      <![CDATA[Get product title from comparative table .<br>]]>
    </line>
    <line>
      <![CDATA[Get product title from comparative table .<br>]]>
    </line>
    <line>
      <![CDATA[Get product title from comparative table .<br>]]>
    </line>
    <line>
      <![CDATA[Get product title from comparative table .<br>]]>
    </line>
    <line>
      <![CDATA[Get product title from comparative table .<br>]]>
    </line>
    <line>
      <![CDATA[Get product value from specified column.<br>]]>
    </line>
    <line>
      <![CDATA[Get product title from comparative table .<br>]]>
    </line>
    <line>
      <![CDATA[Get product title from comparative table .<br>]]>
    </line>
    <line>
      <![CDATA[Get product title from comparative table .<br>]]>
    </line>
    <line>
      <![CDATA[Get product title from comparative table .<br>]]>
    </line>
    <line>
      <![CDATA[Get product title from comparative table .<br>]]>
    </line>
    <line>
      <![CDATA[Get product title from comparative table .<br>]]>
    </line>
    <line>
      <![CDATA[Get product title from comparative table .<br>]]>
    </line>
    <line>
      <![CDATA[Get product title from comparative table .<br>]]>
    </line>
    <line>
      <![CDATA[Get product title from comparative table .<br>]]>
    </line>
    <line>
      <![CDATA[Get product title from comparative table .<br>]]>
    </line>
    <line>
      <![CDATA[Get product title from comparative table .<br>]]>
    </line>
    <line>
      <![CDATA[Get product title from comparative table .<br>]]>
    </line>
    <line>
      <![CDATA[Get product title from comparative table .<br>]]>
    </line>
    <line>
      <![CDATA[Get product title from comparative table .<br>]]>
    </line>
    <line>
      <![CDATA[Get product title from comparative table .<br>]]>
    </line>
    <line>
      <![CDATA[Get product title from comparative table .<br>]]>
    </line>
    <line>
      <![CDATA[Get product title from comparative table .<br>]]>
    </line>
    <line>
      <![CDATA[Get product title from comparative table .<br>]]>
    </line>
    <line>
      <![CDATA[Get product title from comparative table .<br>]]>
    </line>
    <line>
      <![CDATA[Get product title from comparative table .<br>]]>
    </line>
    <line>
      <![CDATA[Get product value from specified column.<br>]]>
    </line>
    <line>
      <![CDATA[Get product title from comparative table .<br>]]>
    </line>
    <line>
      <![CDATA[Get product title from comparative table .<br>]]>
    </line>
    <line>
      <![CDATA[Get product title from comparative table .<br>]]>
    </line>
    <line>
      <![CDATA[Get product title from comparative table .<br>]]>
    </line>
    <line>
      <![CDATA[Get product value from specified column.<br>]]>
    </line>
    <line>
      <![CDATA[Get product title from comparative table .<br>]]>
    </line>
    <line>
      <![CDATA[Get product title from comparative table .<br>]]>
    </line>
    <line>
      <![CDATA[Get product title from comparative table .<br>]]>
    </line>
    <line>
      <![CDATA[Get product title from comparative table .<br>]]>
    </line>
    <line>
      <![CDATA[Get product title from comparative table .<br>]]>
    </line>
    <line>
      <![CDATA[Get product title from comparative table .<br>]]>
    </line>
    <line>
      <![CDATA[Get product title from comparative table .<br>]]>
    </line>
    <line>
      <![CDATA[Get product title from comparative table .<br>]]>
    </line>
    <line>
      <![CDATA[Get product title from comparative table .<br>]]>
    </line>
    <line>
      <![CDATA[Get product title from comparative table .<br>]]>
    </line>
    <line>
      <![CDATA[Get product title from comparative table .<br>]]>
    </line>
    <line>
      <![CDATA[Get product title from comparative table .<br>]]>
    </line>
    <line>
      <![CDATA[Get product title from comparative table .<br>]]>
    </line>
    <line>
      <![CDATA[Get product title from comparative table .<br>]]>
    </line>
    <line>
      <![CDATA[Get product title from comparative table .<br>]]>
    </line>
    <line>
      <![CDATA[Get product title from comparative table .<br>]]>
    </line>
    <line>
      <![CDATA[Get product title from comparative table .<br>]]>
    </line>
    <line>
      <![CDATA[Get product title from comparative table .<br>]]>
    </line>
    <line>
      <![CDATA[Get product title from comparative table .<br>]]>
    </line>
    <line>
      <![CDATA[Get product title from comparative table .<br>]]>
    </line>
    <line>
      <![CDATA[Get product title from comparative table .<br>]]>
    </line>
    <line>
      <![CDATA[Get product title from comparative table .<br>]]>
    </line>
    <line>
      <![CDATA[Get product title from comparative table .<br>]]>
    </line>
    <line>
      <![CDATA[Get product value from specified column.<br>]]>
    </line>
    <line>
      <![CDATA[Get product title from comparative table .<br>]]>
    </line>
    <line>
      <![CDATA[Get product title from comparative table .<br>]]>
    </line>
    <line>
      <![CDATA[Get product title from comparative table .<br>]]>
    </line>
    <line>
      <![CDATA[Get product title from comparative table .<br>]]>
    </line>
    <line>
      <![CDATA[Get product title from comparative table .<br>]]>
    </line>
    <line>
      <![CDATA[Get product title from comparative table .<br>]]>
    </line>
    <line>
      <![CDATA[Get product title from comparative table .<br>]]>
    </line>
    <line>
      <![CDATA[Get product title from comparative table .<br>]]>
    </line>
    <line>
      <![CDATA[Get product value from specified column.<br>]]>
    </line>
    <line>
      <![CDATA[Get product title from comparative table .<br>]]>
    </line>
    <line>
      <![CDATA[Get product title from comparative table .<br>]]>
    </line>
    <line>
      <![CDATA[Get product title from comparative table .<br>]]>
    </line>
    <line>
      <![CDATA[Get product title from comparative table .<br>]]>
    </line>
    <line>
      <![CDATA[Get product title from comparative table .<br>]]>
    </line>
    <line>
      <![CDATA[Get product title from comparative table .<br>]]>
    </line>
    <line>
      <![CDATA[Get product title from comparative table .<br>]]>
    </line>
    <line>
      <![CDATA[Get product title from comparative table .<br>]]>
    </line>
    <line>
      <![CDATA[Get product value from specified column.<br>]]>
    </line>
    <line>
      <![CDATA[Get product title from comparative table .<br>]]>
    </line>
    <line>
      <![CDATA[Get product title from comparative table .<br>]]>
    </line>
    <line>
      <![CDATA[Get product title from comparative table .<br>]]>
    </line>
    <line>
      <![CDATA[Get product title from comparative table .<br>]]>
    </line>
    <line>
      <![CDATA[Get product title from comparative table .<br>]]>
    </line>
    <line>
      <![CDATA[Get product title from comparative table .<br>]]>
    </line>
    <line>
      <![CDATA[Get product title from comparative table .<br>]]>
    </line>
    <line>
      <![CDATA[Get product title from comparative table .<br>]]>
    </line>
    <line>
      <![CDATA[Get product title from comparative table .<br>]]>
    </line>
    <line>
      <![CDATA[Get product title from comparative table .<br>]]>
    </line>
    <line>
      <![CDATA[Get product title from comparative table .<br>]]>
    </line>
    <line>
      <![CDATA[Get product title from comparative table .<br>]]>
    </line>
    <line>
      <![CDATA[Get product title from comparative table .<br>]]>
    </line>
    <line>
      <![CDATA[Get product title from comparative table .<br>]]>
    </line>
    <line>
      <![CDATA[Get product title from comparative table .<br>]]>
    </line>
    <line>
      <![CDATA[Get product title from comparative table .<br>]]>
    </line>
    <line>
      <![CDATA[Get product title from comparative table .<br>]]>
    </line>
    <line>
      <![CDATA[Get product title from comparative table .<br>]]>
    </line>
    <line>
      <![CDATA[Get product title from comparative table .<br>]]>
    </line>
    <line>
      <![CDATA[Get product title from comparative table .<br>]]>
    </line>
    <line>
      <![CDATA[Get product title from comparative table .<br>]]>
    </line>
    <line>
      <![CDATA[Get product title from comparative table .<br>]]>
    </line>
    <line>
      <![CDATA[Get product title from comparative table .<br>]]>
    </line>
    <line>
      <![CDATA[Get product title from comparative table .<br>]]>
    </line>
    <line>
      <![CDATA[Get product value from specified column.<br>]]>
    </line>
    <line>
      <![CDATA[Get product title from comparative table .<br>]]>
    </line>
    <line>
      <![CDATA[Get product title from comparative table .<br>]]>
    </line>
    <line>
      <![CDATA[Get product title from comparative table .<br>]]>
    </line>
    <line>
      <![CDATA[Get product title from comparative table .<br>]]>
    </line>
    <line>
      <![CDATA[Get product title from comparative table .<br>]]>
    </line>
    <line>
      <![CDATA[Get product title from comparative table .<br>]]>
    </line>
    <line>
      <![CDATA[Get product title from comparative table .<br>]]>
    </line>
    <line>
      <![CDATA[Get product title from comparative table .<br>]]>
    </line>
    <line>
      <![CDATA[Get product title from comparative table .<br>]]>
    </line>
    <line>
      <![CDATA[Get product title from comparative table .<br>]]>
    </line>
    <line>
      <![CDATA[Get product title from comparative table .<br>]]>
    </line>
    <line>
      <![CDATA[Get product title from comparative table .<br>]]>
    </line>
    <line>
      <![CDATA[Get product title from comparative table .<br>]]>
    </line>
    <line>
      <![CDATA[Get product value from specified column.<br>]]>
    </line>
    <line>
      <![CDATA[Get product title from comparative table .<br>]]>
    </line>
    <line>
      <![CDATA[Get product title from comparative table .<br>]]>
    </line>
    <line>
      <![CDATA[Get product title from comparative table .<br>]]>
    </line>
    <line>
      <![CDATA[Get product title from comparative table .<br>]]>
    </line>
    <line>
      <![CDATA[Get product title from comparative table .<br>]]>
    </line>
    <line>
      <![CDATA[Get product title from comparative table .<br>]]>
    </line>
    <line>
      <![CDATA[Get product title from comparative table .<br>]]>
    </line>
    <line>
      <![CDATA[Get product value from specified column.<br>]]>
    </line>
    <line>
      <![CDATA[Get product title from comparative table .<br>]]>
    </line>
    <line>
      <![CDATA[Get product title from comparative table .<br>]]>
    </line>
    <line>
      <![CDATA[Get product title from comparative table .<br>]]>
    </line>
    <line>
      <![CDATA[Get product title from comparative table .<br>]]>
    </line>
    <line>
      <![CDATA[Get product title from comparative table .<br>]]>
    </line>
    <line>
      <![CDATA[Get product title from comparative table .<br>]]>
    </line>
    <line>
      <![CDATA[Get product title from comparative table .<br>]]>
    </line>
    <line>
      <![CDATA[Get product title from comparative table .<br>]]>
    </line>
    <line>
      <![CDATA[Get product title from comparative table .<br>]]>
    </line>
    <line>
      <![CDATA[Get product title from comparative table .<br>]]>
    </line>
    <line>
      <![CDATA[Get product title from comparative table .<br>]]>
    </line>
    <line>
      <![CDATA[Get product title from comparative table .<br>]]>
    </line>
    <line>
      <![CDATA[Get product title from comparative table .<br>]]>
    </line>
    <line>
      <![CDATA[Get product value from specified column.<br>]]>
    </line>
    <line>
      <![CDATA[Get product title from comparative table .<br>]]>
    </line>
    <line>
      <![CDATA[Get product title from comparative table .<br>]]>
    </line>
    <line>
      <![CDATA[Get product title from comparative table .<br>]]>
    </line>
    <line>
      <![CDATA[Get product title from comparative table .<br>]]>
    </line>
    <line>
      <![CDATA[Get product title from comparative table .<br>]]>
    </line>
    <line>
      <![CDATA[Get product title from comparative table .<br>]]>
    </line>
    <line>
      <![CDATA[Get product title from comparative table .<br>]]>
    </line>
    <line>
      <![CDATA[Get product title from comparative table .<br>]]>
    </line>
    <line>
      <![CDATA[Get product title from comparative table .<br>]]>
    </line>
    <line>
      <![CDATA[Get product title from comparative table .<br>]]>
    </line>
    <line>
      <![CDATA[Get product title from comparative table .<br>]]>
    </line>
    <line>
      <![CDATA[Get product title from comparative table .<br>]]>
    </line>
    <line>
      <![CDATA[Get product title from comparative table .<br>]]>
    </line>
    <line>
      <![CDATA[Get product title from comparative table .<br>]]>
    </line>
    <line>
      <![CDATA[Get product title from comparative table .<br>]]>
    </line>
    <line>
      <![CDATA[Get product title from comparative table .<br>]]>
    </line>
    <line>
      <![CDATA[Get product title from comparative table .<br>]]>
    </line>
    <line>
      <![CDATA[Get product title from comparative table .<br>]]>
    </line>
    <line>
      <![CDATA[Get product title from comparative table .<br>]]>
    </line>
    <line>
      <![CDATA[Get product title from comparative table .<br>]]>
    </line>
    <line>
      <![CDATA[Get product title from comparative table .<br>]]>
    </line>
    <line>
      <![CDATA[Get product title from comparative table .<br>]]>
    </line>
    <line>
      <![CDATA[Get product title from comparative table .<br>]]>
    </line>
    <line>
      <![CDATA[Get product title from comparative table .<br>]]>
    </line>
    <line>
      <![CDATA[Get product value from specified column.<br>]]>
    </line>
    <line>
      <![CDATA[Get product title from comparative table .<br>]]>
    </line>
    <line>
      <![CDATA[Get product title from comparative table .<br>]]>
    </line>
    <line>
      <![CDATA[Get product title from comparative table .<br>]]>
    </line>
    <line>
      <![CDATA[Get product title from comparative table .<br>]]>
    </line>
    <line>
      <![CDATA[Get product title from comparative table .<br>]]>
    </line>
    <line>
      <![CDATA[Get product title from comparative table .<br>]]>
    </line>
    <line>
      <![CDATA[Get product title from comparative table .<br>]]>
    </line>
    <line>
      <![CDATA[Get product title from comparative table .<br>]]>
    </line>
    <line>
      <![CDATA[Get product title from comparative table .<br>]]>
    </line>
    <line>
      <![CDATA[Get product title from comparative table .<br>]]>
    </line>
    <line>
      <![CDATA[Get product title from comparative table .<br>]]>
    </line>
    <line>
      <![CDATA[Get product value from specified column.<br>]]>
    </line>
    <line>
      <![CDATA[Get product title from comparative table .<br>]]>
    </line>
    <line>
      <![CDATA[Get product title from comparative table .<br>]]>
    </line>
    <line>
      <![CDATA[Get product title from comparative table .<br>]]>
    </line>
    <line>
      <![CDATA[Get product title from comparative table .<br>]]>
    </line>
    <line>
      <![CDATA[Get product title from comparative table .<br>]]>
    </line>
    <line>
      <![CDATA[Click on link 'pageBreadcrumbs' for go to catalog.<br>]]>
    </line>
    <line>
      <![CDATA[Check correct marking of rows in comparative table.<br>]]>
    </line>
  </reporter-output>
  <suite name="Default suite" duration-ms="138086" started-at="2013-11-18T13:35:16Z" finished-at="2013-11-18T13:37:34Z">
    <groups>
    </groups>
    <test name="Default test" duration-ms="138086" started-at="2013-11-18T13:35:16Z" finished-at="2013-11-18T13:37:34Z">
      <class name="com.epam.tests.TestCompareProductCharacteristicsInDifferentSections">
        <test-method status="PASS" signature="setUp()[pri:0, instance:com.epam.tests.TestCompareProductCharacteristicsInDifferentSections@126cb1a]" name="setUp" is-config="true" duration-ms="2598" started-at="2013-11-18T15:35:16Z" finished-at="2013-11-18T15:35:19Z">
          <reporter-output>
          </reporter-output>
        </test-method> <!-- setUp -->
        <test-method status="PASS" signature="setUpMethod()[pri:0, instance:com.epam.tests.TestCompareProductCharacteristicsInDifferentSections@126cb1a]" name="setUpMethod" is-config="true" duration-ms="33" started-at="2013-11-18T15:35:19Z" finished-at="2013-11-18T15:35:19Z">
          <reporter-output>
          </reporter-output>
        </test-method> <!-- setUpMethod -->
        <test-method status="PASS" signature="CompareProductInformation(java.lang.String, java.lang.Double)[pri:0, instance:com.epam.tests.TestCompareProductCharacteristicsInDifferentSections@126cb1a]" name="CompareProductInformation" duration-ms="69590" started-at="2013-11-18T15:35:19Z" data-provider="baseDataProvider" finished-at="2013-11-18T15:36:28Z">
          <params>
            <param index="0">
              <value>
                <![CDATA[Вентиляторы]]>
              </value>
            </param>
            <param index="1">
              <value>
                <![CDATA[3.0]]>
              </value>
            </param>
          </params>
          <reporter-output>
            <line>
              <![CDATA[Find the function which title equals entered product.<br>]]>
            </line>
            <line>
              <![CDATA[Click on product link.<br>]]>
            </line>
            <line>
              <![CDATA[Check match the  product description in 'Catalog' and 'InformationAboutProduct' sections.<br>]]>
            </line>
            <line>
              <![CDATA[Add product to compare.<br>]]>
            </line>
            <line>
              <![CDATA[Click on title of product.<br>]]>
            </line>
            <line>
              <![CDATA[Get characteristics of product and save them in 'map' '.<br>]]>
            </line>
            <line>
              <![CDATA[Click on link 'compareLine'.<br>]]>
            </line>
            <line>
              <![CDATA[Get product title from comparative table .<br>]]>
            </line>
            <line>
              <![CDATA[Get product title from comparative table .<br>]]>
            </line>
            <line>
              <![CDATA[Get product title from comparative table .<br>]]>
            </line>
            <line>
              <![CDATA[Get product title from comparative table .<br>]]>
            </line>
            <line>
              <![CDATA[Get product title from comparative table .<br>]]>
            </line>
            <line>
              <![CDATA[Get product title from comparative table .<br>]]>
            </line>
            <line>
              <![CDATA[Get product title from comparative table .<br>]]>
            </line>
            <line>
              <![CDATA[Get product title from comparative table .<br>]]>
            </line>
            <line>
              <![CDATA[Get product title from comparative table .<br>]]>
            </line>
            <line>
              <![CDATA[Get product title from comparative table .<br>]]>
            </line>
            <line>
              <![CDATA[Get product title from comparative table .<br>]]>
            </line>
            <line>
              <![CDATA[Get product title from comparative table .<br>]]>
            </line>
            <line>
              <![CDATA[Get product title from comparative table .<br>]]>
            </line>
            <line>
              <![CDATA[Get product title from comparative table .<br>]]>
            </line>
            <line>
              <![CDATA[Get product title from comparative table .<br>]]>
            </line>
            <line>
              <![CDATA[Get product value from specified column.<br>]]>
            </line>
            <line>
              <![CDATA[Get product title from comparative table .<br>]]>
            </line>
            <line>
              <![CDATA[Get product title from comparative table .<br>]]>
            </line>
            <line>
              <![CDATA[Get product title from comparative table .<br>]]>
            </line>
            <line>
              <![CDATA[Get product title from comparative table .<br>]]>
            </line>
            <line>
              <![CDATA[Get product title from comparative table .<br>]]>
            </line>
            <line>
              <![CDATA[Get product title from comparative table .<br>]]>
            </line>
            <line>
              <![CDATA[Get product value from specified column.<br>]]>
            </line>
            <line>
              <![CDATA[Get product title from comparative table .<br>]]>
            </line>
            <line>
              <![CDATA[Get product title from comparative table .<br>]]>
            </line>
            <line>
              <![CDATA[Get product title from comparative table .<br>]]>
            </line>
            <line>
              <![CDATA[Get product title from comparative table .<br>]]>
            </line>
            <line>
              <![CDATA[Get product title from comparative table .<br>]]>
            </line>
            <line>
              <![CDATA[Get product title from comparative table .<br>]]>
            </line>
            <line>
              <![CDATA[Get product title from comparative table .<br>]]>
            </line>
            <line>
              <![CDATA[Get product title from comparative table .<br>]]>
            </line>
            <line>
              <![CDATA[Get product title from comparative table .<br>]]>
            </line>
            <line>
              <![CDATA[Get product title from comparative table .<br>]]>
            </line>
            <line>
              <![CDATA[Get product title from comparative table .<br>]]>
            </line>
            <line>
              <![CDATA[Get product value from specified column.<br>]]>
            </line>
            <line>
              <![CDATA[Get product title from comparative table .<br>]]>
            </line>
            <line>
              <![CDATA[Get product title from comparative table .<br>]]>
            </line>
            <line>
              <![CDATA[Get product title from comparative table .<br>]]>
            </line>
            <line>
              <![CDATA[Get product title from comparative table .<br>]]>
            </line>
            <line>
              <![CDATA[Get product title from comparative table .<br>]]>
            </line>
            <line>
              <![CDATA[Get product title from comparative table .<br>]]>
            </line>
            <line>
              <![CDATA[Get product title from comparative table .<br>]]>
            </line>
            <line>
              <![CDATA[Get product title from comparative table .<br>]]>
            </line>
            <line>
              <![CDATA[Get product title from comparative table .<br>]]>
            </line>
            <line>
              <![CDATA[Get product title from comparative table .<br>]]>
            </line>
            <line>
              <![CDATA[Get product title from comparative table .<br>]]>
            </line>
            <line>
              <![CDATA[Get product title from comparative table .<br>]]>
            </line>
            <line>
              <![CDATA[Get product title from comparative table .<br>]]>
            </line>
            <line>
              <![CDATA[Get product title from comparative table .<br>]]>
            </line>
            <line>
              <![CDATA[Get product title from comparative table .<br>]]>
            </line>
            <line>
              <![CDATA[Get product title from comparative table .<br>]]>
            </line>
            <line>
              <![CDATA[Get product title from comparative table .<br>]]>
            </line>
            <line>
              <![CDATA[Get product title from comparative table .<br>]]>
            </line>
            <line>
              <![CDATA[Get product title from comparative table .<br>]]>
            </line>
            <line>
              <![CDATA[Get product title from comparative table .<br>]]>
            </line>
            <line>
              <![CDATA[Get product title from comparative table .<br>]]>
            </line>
            <line>
              <![CDATA[Get product title from comparative table .<br>]]>
            </line>
            <line>
              <![CDATA[Get product title from comparative table .<br>]]>
            </line>
            <line>
              <![CDATA[Get product title from comparative table .<br>]]>
            </line>
            <line>
              <![CDATA[Get product title from comparative table .<br>]]>
            </line>
            <line>
              <![CDATA[Get product title from comparative table .<br>]]>
            </line>
            <line>
              <![CDATA[Get product title from comparative table .<br>]]>
            </line>
            <line>
              <![CDATA[Get product value from specified column.<br>]]>
            </line>
            <line>
              <![CDATA[Get product title from comparative table .<br>]]>
            </line>
            <line>
              <![CDATA[Get product title from comparative table .<br>]]>
            </line>
            <line>
              <![CDATA[Get product value from specified column.<br>]]>
            </line>
            <line>
              <![CDATA[Get product title from comparative table .<br>]]>
            </line>
            <line>
              <![CDATA[Get product title from comparative table .<br>]]>
            </line>
            <line>
              <![CDATA[Get product title from comparative table .<br>]]>
            </line>
            <line>
              <![CDATA[Get product title from comparative table .<br>]]>
            </line>
            <line>
              <![CDATA[Get product title from comparative table .<br>]]>
            </line>
            <line>
              <![CDATA[Get product title from comparative table .<br>]]>
            </line>
            <line>
              <![CDATA[Get product title from comparative table .<br>]]>
            </line>
            <line>
              <![CDATA[Get product title from comparative table .<br>]]>
            </line>
            <line>
              <![CDATA[Get product title from comparative table .<br>]]>
            </line>
            <line>
              <![CDATA[Get product title from comparative table .<br>]]>
            </line>
            <line>
              <![CDATA[Get product title from comparative table .<br>]]>
            </line>
            <line>
              <![CDATA[Get product title from comparative table .<br>]]>
            </line>
            <line>
              <![CDATA[Get product title from comparative table .<br>]]>
            </line>
            <line>
              <![CDATA[Get product title from comparative table .<br>]]>
            </line>
            <line>
              <![CDATA[Get product title from comparative table .<br>]]>
            </line>
            <line>
              <![CDATA[Get product title from comparative table .<br>]]>
            </line>
            <line>
              <![CDATA[Get product title from comparative table .<br>]]>
            </line>
            <line>
              <![CDATA[Get product title from comparative table .<br>]]>
            </line>
            <line>
              <![CDATA[Get product title from comparative table .<br>]]>
            </line>
            <line>
              <![CDATA[Get product title from comparative table .<br>]]>
            </line>
            <line>
              <![CDATA[Get product title from comparative table .<br>]]>
            </line>
            <line>
              <![CDATA[Get product title from comparative table .<br>]]>
            </line>
            <line>
              <![CDATA[Get product title from comparative table .<br>]]>
            </line>
            <line>
              <![CDATA[Get product title from comparative table .<br>]]>
            </line>
            <line>
              <![CDATA[Get product title from comparative table .<br>]]>
            </line>
            <line>
              <![CDATA[Get product title from comparative table .<br>]]>
            </line>
            <line>
              <![CDATA[Get product value from specified column.<br>]]>
            </line>
            <line>
              <![CDATA[Get product title from comparative table .<br>]]>
            </line>
            <line>
              <![CDATA[Get product title from comparative table .<br>]]>
            </line>
            <line>
              <![CDATA[Get product title from comparative table .<br>]]>
            </line>
            <line>
              <![CDATA[Click on link 'pageBreadcrumbs' for go to catalog.<br>]]>
            </line>
            <line>
              <![CDATA[Add product to compare.<br>]]>
            </line>
            <line>
              <![CDATA[Click on title of product.<br>]]>
            </line>
            <line>
              <![CDATA[Get characteristics of product and save them in 'map' '.<br>]]>
            </line>
            <line>
              <![CDATA[Click on link 'compareLine'.<br>]]>
            </line>
            <line>
              <![CDATA[Get product title from comparative table .<br>]]>
            </line>
            <line>
              <![CDATA[Get product title from comparative table .<br>]]>
            </line>
            <line>
              <![CDATA[Get product title from comparative table .<br>]]>
            </line>
            <line>
              <![CDATA[Get product value from specified column.<br>]]>
            </line>
            <line>
              <![CDATA[Get product title from comparative table .<br>]]>
            </line>
            <line>
              <![CDATA[Get product title from comparative table .<br>]]>
            </line>
            <line>
              <![CDATA[Get product title from comparative table .<br>]]>
            </line>
            <line>
              <![CDATA[Get product title from comparative table .<br>]]>
            </line>
            <line>
              <![CDATA[Get product title from comparative table .<br>]]>
            </line>
            <line>
              <![CDATA[Get product title from comparative table .<br>]]>
            </line>
            <line>
              <![CDATA[Get product title from comparative table .<br>]]>
            </line>
            <line>
              <![CDATA[Get product title from comparative table .<br>]]>
            </line>
            <line>
              <![CDATA[Get product title from comparative table .<br>]]>
            </line>
            <line>
              <![CDATA[Get product title from comparative table .<br>]]>
            </line>
            <line>
              <![CDATA[Get product title from comparative table .<br>]]>
            </line>
            <line>
              <![CDATA[Get product title from comparative table .<br>]]>
            </line>
            <line>
              <![CDATA[Get product title from comparative table .<br>]]>
            </line>
            <line>
              <![CDATA[Get product title from comparative table .<br>]]>
            </line>
            <line>
              <![CDATA[Get product value from specified column.<br>]]>
            </line>
            <line>
              <![CDATA[Get product title from comparative table .<br>]]>
            </line>
            <line>
              <![CDATA[Get product title from comparative table .<br>]]>
            </line>
            <line>
              <![CDATA[Get product title from comparative table .<br>]]>
            </line>
            <line>
              <![CDATA[Get product title from comparative table .<br>]]>
            </line>
            <line>
              <![CDATA[Get product title from comparative table .<br>]]>
            </line>
            <line>
              <![CDATA[Get product title from comparative table .<br>]]>
            </line>
            <line>
              <![CDATA[Get product title from comparative table .<br>]]>
            </line>
            <line>
              <![CDATA[Get product title from comparative table .<br>]]>
            </line>
            <line>
              <![CDATA[Get product title from comparative table .<br>]]>
            </line>
            <line>
              <![CDATA[Get product title from comparative table .<br>]]>
            </line>
            <line>
              <![CDATA[Get product title from comparative table .<br>]]>
            </line>
            <line>
              <![CDATA[Get product title from comparative table .<br>]]>
            </line>
            <line>
              <![CDATA[Get product title from comparative table .<br>]]>
            </line>
            <line>
              <![CDATA[Get product title from comparative table .<br>]]>
            </line>
            <line>
              <![CDATA[Get product value from specified column.<br>]]>
            </line>
            <line>
              <![CDATA[Get product title from comparative table .<br>]]>
            </line>
            <line>
              <![CDATA[Get product title from comparative table .<br>]]>
            </line>
            <line>
              <![CDATA[Get product title from comparative table .<br>]]>
            </line>
            <line>
              <![CDATA[Get product title from comparative table .<br>]]>
            </line>
            <line>
              <![CDATA[Get product title from comparative table .<br>]]>
            </line>
            <line>
              <![CDATA[Get product title from comparative table .<br>]]>
            </line>
            <line>
              <![CDATA[Get product title from comparative table .<br>]]>
            </line>
            <line>
              <![CDATA[Get product title from comparative table .<br>]]>
            </line>
            <line>
              <![CDATA[Get product title from comparative table .<br>]]>
            </line>
            <line>
              <![CDATA[Get product title from comparative table .<br>]]>
            </line>
            <line>
              <![CDATA[Get product title from comparative table .<br>]]>
            </line>
            <line>
              <![CDATA[Get product title from comparative table .<br>]]>
            </line>
            <line>
              <![CDATA[Get product title from comparative table .<br>]]>
            </line>
            <line>
              <![CDATA[Get product title from comparative table .<br>]]>
            </line>
            <line>
              <![CDATA[Get product title from comparative table .<br>]]>
            </line>
            <line>
              <![CDATA[Get product title from comparative table .<br>]]>
            </line>
            <line>
              <![CDATA[Get product title from comparative table .<br>]]>
            </line>
            <line>
              <![CDATA[Get product title from comparative table .<br>]]>
            </line>
            <line>
              <![CDATA[Get product title from comparative table .<br>]]>
            </line>
            <line>
              <![CDATA[Get product title from comparative table .<br>]]>
            </line>
            <line>
              <![CDATA[Get product title from comparative table .<br>]]>
            </line>
            <line>
              <![CDATA[Get product title from comparative table .<br>]]>
            </line>
            <line>
              <![CDATA[Get product title from comparative table .<br>]]>
            </line>
            <line>
              <![CDATA[Get product title from comparative table .<br>]]>
            </line>
            <line>
              <![CDATA[Get product title from comparative table .<br>]]>
            </line>
            <line>
              <![CDATA[Get product title from comparative table .<br>]]>
            </line>
            <line>
              <![CDATA[Get product value from specified column.<br>]]>
            </line>
            <line>
              <![CDATA[Get product title from comparative table .<br>]]>
            </line>
            <line>
              <![CDATA[Get product title from comparative table .<br>]]>
            </line>
            <line>
              <![CDATA[Get product title from comparative table .<br>]]>
            </line>
            <line>
              <![CDATA[Get product title from comparative table .<br>]]>
            </line>
            <line>
              <![CDATA[Get product title from comparative table .<br>]]>
            </line>
            <line>
              <![CDATA[Get product title from comparative table .<br>]]>
            </line>
            <line>
              <![CDATA[Get product title from comparative table .<br>]]>
            </line>
            <line>
              <![CDATA[Get product title from comparative table .<br>]]>
            </line>
            <line>
              <![CDATA[Get product title from comparative table .<br>]]>
            </line>
            <line>
              <![CDATA[Get product title from comparative table .<br>]]>
            </line>
            <line>
              <![CDATA[Get product title from comparative table .<br>]]>
            </line>
            <line>
              <![CDATA[Get product title from comparative table .<br>]]>
            </line>
            <line>
              <![CDATA[Get product title from comparative table .<br>]]>
            </line>
            <line>
              <![CDATA[Get product title from comparative table .<br>]]>
            </line>
            <line>
              <![CDATA[Get product value from specified column.<br>]]>
            </line>
            <line>
              <![CDATA[Get product title from comparative table .<br>]]>
            </line>
            <line>
              <![CDATA[Get product title from comparative table .<br>]]>
            </line>
            <line>
              <![CDATA[Get product title from comparative table .<br>]]>
            </line>
            <line>
              <![CDATA[Get product title from comparative table .<br>]]>
            </line>
            <line>
              <![CDATA[Click on link 'pageBreadcrumbs' for go to catalog.<br>]]>
            </line>
            <line>
              <![CDATA[Add product to compare.<br>]]>
            </line>
            <line>
              <![CDATA[Click on title of product.<br>]]>
            </line>
            <line>
              <![CDATA[Get characteristics of product and save them in 'map' '.<br>]]>
            </line>
            <line>
              <![CDATA[Click on link 'compareLine'.<br>]]>
            </line>
            <line>
              <![CDATA[Get product title from comparative table .<br>]]>
            </line>
            <line>
              <![CDATA[Get product title from comparative table .<br>]]>
            </line>
            <line>
              <![CDATA[Get product title from comparative table .<br>]]>
            </line>
            <line>
              <![CDATA[Get product title from comparative table .<br>]]>
            </line>
            <line>
              <![CDATA[Get product title from comparative table .<br>]]>
            </line>
            <line>
              <![CDATA[Get product title from comparative table .<br>]]>
            </line>
            <line>
              <![CDATA[Get product title from comparative table .<br>]]>
[...]
              <![CDATA[Get product title from comparative table .<br>]]>
            </line>
            <line>
              <![CDATA[Get product title from comparative table .<br>]]>
            </line>
            <line>
              <![CDATA[Get product title from comparative table .<br>]]>
            </line>
            <line>
              <![CDATA[Get product title from comparative table .<br>]]>
            </line>
            <line>
              <![CDATA[Get product title from comparative table .<br>]]>
            </line>
            <line>
              <![CDATA[Get product title from comparative table .<br>]]>
            </line>
            <line>
              <![CDATA[Get product title from comparative table .<br>]]>
            </line>
            <line>
              <![CDATA[Get product title from comparative table .<br>]]>
            </line>
            <line>
              <![CDATA[Get product title from comparative table .<br>]]>
            </line>
            <line>
              <![CDATA[Get product title from comparative table .<br>]]>
            </line>
            <line>
              <![CDATA[Get product title from comparative table .<br>]]>
            </line>
            <line>
              <![CDATA[Get product title from comparative table .<br>]]>
            </line>
            <line>
              <![CDATA[Get product title from comparative table .<br>]]>
            </line>
            <line>
              <![CDATA[Get product title from comparative table .<br>]]>
            </line>
            <line>
              <![CDATA[Get product title from comparative table .<br>]]>
            </line>
            <line>
              <![CDATA[Get product title from comparative table .<br>]]>
            </line>
            <line>
              <![CDATA[Get product title from comparative table .<br>]]>
            </line>
            <line>
              <![CDATA[Get product title from comparative table .<br>]]>
            </line>
            <line>
              <![CDATA[Get product title from comparative table .<br>]]>
            </line>
            <line>
              <![CDATA[Get product title from comparative table .<br>]]>
            </line>
            <line>
              <![CDATA[Get product value from specified column.<br>]]>
            </line>
            <line>
              <![CDATA[Get product title from comparative table .<br>]]>
            </line>
            <line>
              <![CDATA[Get product title from comparative table .<br>]]>
            </line>
            <line>
              <![CDATA[Get product title from comparative table .<br>]]>
            </line>
            <line>
              <![CDATA[Get product title from comparative table .<br>]]>
            </line>
            <line>
              <![CDATA[Get product value from specified column.<br>]]>
            </line>
            <line>
              <![CDATA[Get product title from comparative table .<br>]]>
            </line>
            <line>
              <![CDATA[Get product title from comparative table .<br>]]>
            </line>
            <line>
              <![CDATA[Get product title from comparative table .<br>]]>
            </line>
            <line>
              <![CDATA[Get product title from comparative table .<br>]]>
            </line>
            <line>
              <![CDATA[Get product title from comparative table .<br>]]>
            </line>
            <line>
              <![CDATA[Get product title from comparative table .<br>]]>
            </line>
            <line>
              <![CDATA[Get product title from comparative table .<br>]]>
            </line>
            <line>
              <![CDATA[Get product title from comparative table .<br>]]>
            </line>
            <line>
              <![CDATA[Get product title from comparative table .<br>]]>
            </line>
            <line>
              <![CDATA[Get product title from comparative table .<br>]]>
            </line>
            <line>
              <![CDATA[Get product title from comparative table .<br>]]>
            </line>
            <line>
              <![CDATA[Get product title from comparative table .<br>]]>
            </line>
            <line>
              <![CDATA[Get product title from comparative table .<br>]]>
            </line>
            <line>
              <![CDATA[Get product title from comparative table .<br>]]>
            </line>
            <line>
              <![CDATA[Get product title from comparative table .<br>]]>
            </line>
            <line>
              <![CDATA[Get product title from comparative table .<br>]]>
            </line>
            <line>
              <![CDATA[Get product title from comparative table .<br>]]>
            </line>
            <line>
              <![CDATA[Get product title from comparative table .<br>]]>
            </line>
            <line>
              <![CDATA[Get product title from comparative table .<br>]]>
            </line>
            <line>
              <![CDATA[Get product title from comparative table .<br>]]>
            </line>
            <line>
              <![CDATA[Get product title from comparative table .<br>]]>
            </line>
            <line>
              <![CDATA[Get product title from comparative table .<br>]]>
            </line>
            <line>
              <![CDATA[Get product title from comparative table .<br>]]>
            </line>
            <line>
              <![CDATA[Get product value from specified column.<br>]]>
            </line>
            <line>
              <![CDATA[Get product title from comparative table .<br>]]>
            </line>
            <line>
              <![CDATA[Get product title from comparative table .<br>]]>
            </line>
            <line>
              <![CDATA[Get product title from comparative table .<br>]]>
            </line>
            <line>
              <![CDATA[Get product title from comparative table .<br>]]>
            </line>
            <line>
              <![CDATA[Get product title from comparative table .<br>]]>
            </line>
            <line>
              <![CDATA[Get product title from comparative table .<br>]]>
            </line>
            <line>
              <![CDATA[Get product title from comparative table .<br>]]>
            </line>
            <line>
              <![CDATA[Get product title from comparative table .<br>]]>
            </line>
            <line>
              <![CDATA[Get product value from specified column.<br>]]>
            </line>
            <line>
              <![CDATA[Get product title from comparative table .<br>]]>
            </line>
            <line>
              <![CDATA[Get product title from comparative table .<br>]]>
            </line>
            <line>
              <![CDATA[Get product title from comparative table .<br>]]>
            </line>
            <line>
              <![CDATA[Get product title from comparative table .<br>]]>
            </line>
            <line>
              <![CDATA[Get product title from comparative table .<br>]]>
            </line>
            <line>
              <![CDATA[Get product title from comparative table .<br>]]>
            </line>
            <line>
              <![CDATA[Get product title from comparative table .<br>]]>
            </line>
            <line>
              <![CDATA[Get product title from comparative table .<br>]]>
            </line>
            <line>
              <![CDATA[Get product value from specified column.<br>]]>
            </line>
            <line>
              <![CDATA[Get product title from comparative table .<br>]]>
            </line>
            <line>
              <![CDATA[Get product title from comparative table .<br>]]>
            </line>
            <line>
              <![CDATA[Get product title from comparative table .<br>]]>
            </line>
            <line>
              <![CDATA[Get product title from comparative table .<br>]]>
            </line>
            <line>
              <![CDATA[Get product title from comparative table .<br>]]>
            </line>
            <line>
              <![CDATA[Get product title from comparative table .<br>]]>
            </line>
            <line>
              <![CDATA[Get product title from comparative table .<br>]]>
            </line>
            <line>
              <![CDATA[Get product title from comparative table .<br>]]>
            </line>
            <line>
              <![CDATA[Get product title from comparative table .<br>]]>
            </line>
            <line>
              <![CDATA[Get product title from comparative table .<br>]]>
            </line>
            <line>
              <![CDATA[Get product title from comparative table .<br>]]>
            </line>
            <line>
              <![CDATA[Get product title from comparative table .<br>]]>
            </line>
            <line>
              <![CDATA[Get product title from comparative table .<br>]]>
            </line>
            <line>
              <![CDATA[Get product title from comparative table .<br>]]>
            </line>
            <line>
              <![CDATA[Get product title from comparative table .<br>]]>
            </line>
            <line>
              <![CDATA[Get product title from comparative table .<br>]]>
            </line>
            <line>
              <![CDATA[Get product title from comparative table .<br>]]>
            </line>
            <line>
              <![CDATA[Get product title from comparative table .<br>]]>
            </line>
            <line>
              <![CDATA[Get product title from comparative table .<br>]]>
            </line>
            <line>
              <![CDATA[Get product title from comparative table .<br>]]>
            </line>
            <line>
              <![CDATA[Get product title from comparative table .<br>]]>
            </line>
            <line>
              <![CDATA[Get product title from comparative table .<br>]]>
            </line>
            <line>
              <![CDATA[Get product title from comparative table .<br>]]>
            </line>
            <line>
              <![CDATA[Get product title from comparative table .<br>]]>
            </line>
            <line>
              <![CDATA[Get product value from specified column.<br>]]>
            </line>
            <line>
              <![CDATA[Get product title from comparative table .<br>]]>
            </line>
            <line>
              <![CDATA[Get product title from comparative table .<br>]]>
            </line>
            <line>
              <![CDATA[Get product title from comparative table .<br>]]>
            </line>
            <line>
              <![CDATA[Get product title from comparative table .<br>]]>
            </line>
            <line>
              <![CDATA[Get product title from comparative table .<br>]]>
            </line>
            <line>
              <![CDATA[Get product title from comparative table .<br>]]>
            </line>
            <line>
              <![CDATA[Get product title from comparative table .<br>]]>
            </line>
            <line>
              <![CDATA[Get product title from comparative table .<br>]]>
            </line>
            <line>
              <![CDATA[Get product title from comparative table .<br>]]>
            </line>
            <line>
              <![CDATA[Get product title from comparative table .<br>]]>
            </line>
            <line>
              <![CDATA[Get product title from comparative table .<br>]]>
            </line>
            <line>
              <![CDATA[Get product title from comparative table .<br>]]>
            </line>
            <line>
              <![CDATA[Get product title from comparative table .<br>]]>
            </line>
            <line>
              <![CDATA[Get product value from specified column.<br>]]>
            </line>
            <line>
              <![CDATA[Get product title from comparative table .<br>]]>
            </line>
            <line>
              <![CDATA[Get product title from comparative table .<br>]]>
            </line>
            <line>
              <![CDATA[Get product title from comparative table .<br>]]>
            </line>
            <line>
              <![CDATA[Get product title from comparative table .<br>]]>
            </line>
            <line>
              <![CDATA[Get product title from comparative table .<br>]]>
            </line>
            <line>
              <![CDATA[Get product title from comparative table .<br>]]>
            </line>
            <line>
              <![CDATA[Get product title from comparative table .<br>]]>
            </line>
            <line>
              <![CDATA[Get product value from specified column.<br>]]>
            </line>
            <line>
              <![CDATA[Get product title from comparative table .<br>]]>
            </line>
            <line>
              <![CDATA[Get product title from comparative table .<br>]]>
            </line>
            <line>
              <![CDATA[Get product title from comparative table .<br>]]>
            </line>
            <line>
              <![CDATA[Get product title from comparative table .<br>]]>
            </line>
            <line>
              <![CDATA[Get product title from comparative table .<br>]]>
            </line>
            <line>
              <![CDATA[Get product title from comparative table .<br>]]>
            </line>
            <line>
              <![CDATA[Get product title from comparative table .<br>]]>
            </line>
            <line>
              <![CDATA[Get product title from comparative table .<br>]]>
            </line>
            <line>
              <![CDATA[Get product title from comparative table .<br>]]>
            </line>
            <line>
              <![CDATA[Get product title from comparative table .<br>]]>
            </line>
            <line>
              <![CDATA[Get product title from comparative table .<br>]]>
            </line>
            <line>
              <![CDATA[Get product title from comparative table .<br>]]>
            </line>
            <line>
              <![CDATA[Get product title from comparative table .<br>]]>
            </line>
            <line>
              <![CDATA[Get product value from specified column.<br>]]>
            </line>
            <line>
              <![CDATA[Get product title from comparative table .<br>]]>
            </line>
            <line>
              <![CDATA[Get product title from comparative table .<br>]]>
            </line>
            <line>
              <![CDATA[Get product title from comparative table .<br>]]>
            </line>
            <line>
              <![CDATA[Get product title from comparative table .<br>]]>
            </line>
            <line>
              <![CDATA[Get product title from comparative table .<br>]]>
            </line>
            <line>
              <![CDATA[Get product title from comparative table .<br>]]>
            </line>
            <line>
              <![CDATA[Get product title from comparative table .<br>]]>
            </line>
            <line>
              <![CDATA[Get product title from comparative table .<br>]]>
            </line>
            <line>
              <![CDATA[Get product title from comparative table .<br>]]>
            </line>
            <line>
              <![CDATA[Get product title from comparative table .<br>]]>
            </line>
            <line>
              <![CDATA[Get product title from comparative table .<br>]]>
            </line>
            <line>
              <![CDATA[Get product title from comparative table .<br>]]>
            </line>
            <line>
              <![CDATA[Get product title from comparative table .<br>]]>
            </line>
            <line>
              <![CDATA[Get product title from comparative table .<br>]]>
            </line>
            <line>
              <![CDATA[Get product title from comparative table .<br>]]>
            </line>
            <line>
              <![CDATA[Get product title from comparative table .<br>]]>
            </line>
            <line>
              <![CDATA[Get product title from comparative table .<br>]]>
            </line>
            <line>
              <![CDATA[Get product title from comparative table .<br>]]>
            </line>
            <line>
              <![CDATA[Get product title from comparative table .<br>]]>
            </line>
            <line>
              <![CDATA[Get product title from comparative table .<br>]]>
            </line>
            <line>
              <![CDATA[Get product title from comparative table .<br>]]>
            </line>
            <line>
              <![CDATA[Get product title from comparative table .<br>]]>
            </line>
            <line>
              <![CDATA[Get product title from comparative table .<br>]]>
            </line>
            <line>
              <![CDATA[Get product title from comparative table .<br>]]>
            </line>
            <line>
              <![CDATA[Get product value from specified column.<br>]]>
            </line>
            <line>
              <![CDATA[Get product title from comparative table .<br>]]>
            </line>
            <line>
              <![CDATA[Get product title from comparative table .<br>]]>
            </line>
            <line>
              <![CDATA[Get product title from comparative table .<br>]]>
            </line>
            <line>
              <![CDATA[Get product title from comparative table .<br>]]>
            </line>
            <line>
              <![CDATA[Get product title from comparative table .<br>]]>
            </line>
            <line>
              <![CDATA[Get product title from comparative table .<br>]]>
            </line>
            <line>
              <![CDATA[Get product title from comparative table .<br>]]>
            </line>
            <line>
              <![CDATA[Get product title from comparative table .<br>]]>
            </line>
            <line>
              <![CDATA[Get product title from comparative table .<br>]]>
            </line>
            <line>
              <![CDATA[Get product title from comparative table .<br>]]>
            </line>
            <line>
              <![CDATA[Get product title from comparative table .<br>]]>
            </line>
            <line>
              <![CDATA[Get product value from specified column.<br>]]>
            </line>
            <line>
              <![CDATA[Get product title from comparative table .<br>]]>
            </line>
            <line>
              <![CDATA[Get product title from comparative table .<br>]]>
            </line>
            <line>
              <![CDATA[Get product title from comparative table .<br>]]>
            </line>
            <line>
              <![CDATA[Get product title from comparative table .<br>]]>
            </line>
            <line>
              <![CDATA[Get product title from comparative table .<br>]]>
            </line>
            <line>
              <![CDATA[Click on link 'pageBreadcrumbs' for go to catalog.<br>]]>
            </line>
            <line>
              <![CDATA[Check correct marking of rows in comparative table.<br>]]>
            </line>
          </reporter-output>
        </test-method> <!-- CompareProductInformation -->
        <test-method status="PASS" signature="tearDown()[pri:0, instance:com.epam.tests.TestCompareProductCharacteristicsInDifferentSections@126cb1a]" name="tearDown" is-config="true" duration-ms="1144" started-at="2013-11-18T15:37:34Z" finished-at="2013-11-18T15:37:35Z">
          <reporter-output>
          </reporter-output>
        </test-method> <!-- tearDown -->
      </class> <!-- com.epam.tests.TestCompareProductCharacteristicsInDifferentSections -->
    </test> <!-- Default test -->
  </suite> <!-- Default suite -->
</testng-results>
