<?xml version="1.0" encoding="UTF-8"?>
<!-- Generated by org.testng.reporters.JUnitXMLReporter -->
<testsuite hostname="EPUAKHAW0474" name="TestCompareProductCharacteristics" tests="4" failures="0" timestamp="15 Nov 2013 16:22:07 GMT" time="75.508" errors="0">
  <testcase name="CompareProductInformation" time="32.358" classname="com.epam.tests.TestCompareProductCharacteristics"/>
  <testcase name="CompareProductInformation" time="26.799" classname="com.epam.tests.TestCompareProductCharacteristics"/>
  <testcase name="CheckProductEqualityInTable" time="4.91" classname="com.epam.tests.TestCompareProductCharacteristics"/>
  <testcase name="CheckProductEqualityInTable" time="4.48" classname="com.epam.tests.TestCompareProductCharacteristics"/>
</testsuite> <!-- TestCompareProductCharacteristics -->
