<?xml version="1.0" encoding="UTF-8"?>
<!-- Generated by org.testng.reporters.JUnitXMLReporter -->
<testsuite hostname="EPUAKHAW0474" name="TestCheckSortingByPriceAndTitle" tests="2" failures="0" timestamp="12 Nov 2013 08:46:08 GMT" time="78.579" errors="0">
  <testcase name="ComparePrices" time="41.795" classname="com.epam.tests.TestCheckSortingByPriceAndTitle"/>
  <testcase name="CompareTitles" time="28.091" classname="com.epam.tests.TestCheckSortingByPriceAndTitle"/>
</testsuite> <!-- TestCheckSortingByPriceAndTitle -->
