<?xml version="1.0" encoding="UTF-8"?>
<!-- Generated by org.testng.reporters.JUnitXMLReporter -->
<testsuite hostname="EPUAKHAW0474" name="TestCompareCharacteristics" tests="1" failures="1" timestamp="11 Nov 2013 15:33:02 GMT" time="16.091" errors="0">
  <testcase name="CheckEquality" time="15.906" classname="com.epam.tests.TestCompareCharacteristics">
    <failure type="java.lang.IndexOutOfBoundsException" message="Index: 3, Size: 0">
      <![CDATA[java.lang.IndexOutOfBoundsException: Index: 3, Size: 0
	at java.util.ArrayList.rangeCheck(ArrayList.java:604)
	at java.util.ArrayList.get(ArrayList.java:382)
	at org.openqa.selenium.support.pagefactory.internal.LocatingElementListHandler.invoke(LocatingElementListHandler.java:38)
	at com.sun.proxy.$Proxy10.get(Unknown Source)
	at com.epam.helpers.CompareCharacteristicsHelper.CheckEquality(CompareCharacteristicsHelper.java:28)
	at com.epam.tests.TestCompareCharacteristics.CheckEquality(TestCompareCharacteristics.java:49)
... Removed 27 stack frames]]>
    </failure>
  </testcase> <!-- CheckEquality -->
</testsuite> <!-- TestCompareCharacteristics -->
