<?xml version="1.0" encoding="UTF-8"?>
<!-- Generated by org.testng.reporters.JUnitXMLReporter -->
<testsuite hostname="EPUAKHAW0474" name="TestCompareProductCharacteristics" tests="4" failures="0" timestamp="14 Nov 2013 08:47:20 GMT" time="77.069" errors="0">
  <testcase name="CompareProductInformation" time="33.507" classname="com.epam.tests.TestCompareProductCharacteristics"/>
  <testcase name="CompareProductInformation" time="25.801" classname="com.epam.tests.TestCompareProductCharacteristics"/>
  <testcase name="CheckProductEqualityInTable" time="4.157" classname="com.epam.tests.TestCompareProductCharacteristics"/>
  <testcase name="CheckProductEqualityInTable" time="3.92" classname="com.epam.tests.TestCompareProductCharacteristics"/>
</testsuite> <!-- TestCompareProductCharacteristics -->
