<?xml version="1.0" encoding="UTF-8"?>
<!-- Generated by org.testng.reporters.JUnitXMLReporter -->
<testsuite hostname="EPUAKHAW0474" name="TestCheckHrefAndDescriptions" tests="3" failures="0" timestamp="12 Nov 2013 08:47:48 GMT" time="66.343" errors="0">
  <testcase name="CheckDescriptions" time="25.993" classname="com.epam.tests.TestCheckHrefAndDescriptions"/>
  <testcase name="CheckHref" time="26.623" classname="com.epam.tests.TestCheckHrefAndDescriptions"/>
  <testcase name="CheckHref" time="12.906" classname="com.epam.tests.TestCheckHrefAndDescriptions"/>
</testsuite> <!-- TestCheckHrefAndDescriptions -->
