<?xml version="1.0" encoding="UTF-8"?>
<!-- Generated by org.testng.reporters.JUnitXMLReporter -->
<testsuite hostname="EPUAKHAW0474" name="Default test" tests="4" failures="0" timestamp="14 Nov 2013 08:45:30 GMT" time="77.789" errors="0">
  <testcase name="CompareProductInformation" time="34.933" classname="com.epam.tests.TestCompareProductCharacteristics"/>
  <testcase name="CompareProductInformation" time="24.568" classname="com.epam.tests.TestCompareProductCharacteristics"/>
  <testcase name="CheckProductEqualityInTable" time="4.184" classname="com.epam.tests.TestCompareProductCharacteristics"/>
  <testcase name="CheckProductEqualityInTable" time="4.011" classname="com.epam.tests.TestCompareProductCharacteristics"/>
</testsuite> <!-- Default test -->
