<?xml version="1.0" encoding="UTF-8"?>
<testng-results skipped="0" failed="0" total="1" passed="1">
  <reporter-output>
    <line>
      <![CDATA[Check entered   title of function in exel file.]]>
    </line>
    <line>
      <![CDATA[Find the function which title equals entered function.<br>]]>
    </line>
    <line>
      <![CDATA[Product search with the specified function.<br>]]>
    </line>
    <line>
      <![CDATA[Title of function is correct.<br>]]>
    </line>
    <line>
      <![CDATA[Loop through on all pages.<br>]]>
    </line>
    <line>
      <![CDATA[Loop through one page.<br>]]>
    </line>
    <line>
      <![CDATA[Check  that title of function contains in product description.<br>]]>
    </line>
    <line>
      <![CDATA[Loop through one page.<br>]]>
    </line>
    <line>
      <![CDATA[Check  that title of function contains in product description.<br>]]>
    </line>
    <line>
      <![CDATA[Loop through one page.<br>]]>
    </line>
    <line>
      <![CDATA[Check  that title of function contains in product description.<br>]]>
    </line>
    <line>
      <![CDATA[Loop through one page.<br>]]>
    </line>
    <line>
      <![CDATA[Check  that title of function contains in product description.<br>]]>
    </line>
    <line>
      <![CDATA[Loop through one page.<br>]]>
    </line>
    <line>
      <![CDATA[Check  that title of function contains in product description.<br>]]>
    </line>
    <line>
      <![CDATA[Loop through one page.<br>]]>
    </line>
    <line>
      <![CDATA[Check  that title of function contains in product description.<br>]]>
    </line>
    <line>
      <![CDATA[Loop through one page.<br>]]>
    </line>
    <line>
      <![CDATA[Check  that title of function contains in product description.<br>]]>
    </line>
    <line>
      <![CDATA[Loop through one page.<br>]]>
    </line>
    <line>
      <![CDATA[Check  that title of function contains in product description.<br>]]>
    </line>
    <line>
      <![CDATA[Loop through one page.<br>]]>
    </line>
    <line>
      <![CDATA[Check  that title of function contains in product description.<br>]]>
    </line>
    <line>
      <![CDATA[Loop through one page.<br>]]>
    </line>
    <line>
      <![CDATA[Check  that title of function contains in product description.<br>]]>
    </line>
    <line>
      <![CDATA[Loop through one page.<br>]]>
    </line>
    <line>
      <![CDATA[Check  that title of function contains in product description.<br>]]>
    </line>
    <line>
      <![CDATA[Loop through one page.<br>]]>
    </line>
    <line>
      <![CDATA[Check  that title of function contains in product description.<br>]]>
    </line>
    <line>
      <![CDATA[Loop through one page.<br>]]>
    </line>
    <line>
      <![CDATA[Check  that title of function contains in product description.<br>]]>
    </line>
    <line>
      <![CDATA[Loop through one page.<br>]]>
    </line>
    <line>
      <![CDATA[Check  that title of function contains in product description.<br>]]>
    </line>
    <line>
      <![CDATA[Loop through one page.<br>]]>
    </line>
    <line>
      <![CDATA[Check  that title of function contains in product description.<br>]]>
    </line>
    <line>
      <![CDATA[Loop through one page.<br>]]>
    </line>
    <line>
      <![CDATA[Check  that title of function contains in product description.<br>]]>
    </line>
    <line>
      <![CDATA[Loop through one page.<br>]]>
    </line>
    <line>
      <![CDATA[Check  that title of function contains in product description.<br>]]>
    </line>
    <line>
      <![CDATA[Loop through one page.<br>]]>
    </line>
    <line>
      <![CDATA[Check  that title of function contains in product description.<br>]]>
    </line>
    <line>
      <![CDATA[Loop through one page.<br>]]>
    </line>
    <line>
      <![CDATA[Check  that title of function contains in product description.<br>]]>
    </line>
    <line>
      <![CDATA[Loop through one page.<br>]]>
    </line>
    <line>
      <![CDATA[Check  that title of function contains in product description.<br>]]>
    </line>
    <line>
      <![CDATA[Loop through one page.<br>]]>
    </line>
    <line>
      <![CDATA[Loop through one page.<br>]]>
    </line>
  </reporter-output>
  <suite name="Default suite" duration-ms="31311" started-at="2013-11-13T08:56:16Z" finished-at="2013-11-13T08:56:47Z">
    <groups>
    </groups>
    <test name="Default test" duration-ms="31311" started-at="2013-11-13T08:56:16Z" finished-at="2013-11-13T08:56:47Z">
      <class name="com.epam.tests.TestCheckFunctionsFilter">
        <test-method status="PASS" signature="setUp()[pri:0, instance:com.epam.tests.TestCheckFunctionsFilter@16e0123]" name="setUp" is-config="true" duration-ms="9876" started-at="2013-11-13T10:56:16Z" finished-at="2013-11-13T10:56:26Z">
          <reporter-output>
          </reporter-output>
        </test-method> <!-- setUp -->
        <test-method status="PASS" signature="setUpMethod()[pri:0, instance:com.epam.tests.TestCheckFunctionsFilter@16e0123]" name="setUpMethod" is-config="true" duration-ms="43" started-at="2013-11-13T10:56:26Z" finished-at="2013-11-13T10:56:26Z">
          <reporter-output>
          </reporter-output>
        </test-method> <!-- setUpMethod -->
        <test-method status="PASS" signature="CheckFunctionsFilter(java.lang.String, java.lang.String)[pri:0, instance:com.epam.tests.TestCheckFunctionsFilter@16e0123]" name="CheckFunctionsFilter" duration-ms="20741" started-at="2013-11-13T10:56:26Z" data-provider="baseDataProvider" finished-at="2013-11-13T10:56:47Z">
          <params>
            <param index="0">
              <value>
                <![CDATA[Духовки]]>
              </value>
            </param>
            <param index="1">
              <value>
                <![CDATA[Газовая]]>
              </value>
            </param>
          </params>
          <reporter-output>
            <line>
              <![CDATA[Check entered   title of function in exel file.]]>
            </line>
            <line>
              <![CDATA[Find the function which title equals entered function.<br>]]>
            </line>
            <line>
              <![CDATA[Product search with the specified function.<br>]]>
            </line>
            <line>
              <![CDATA[Title of function is correct.<br>]]>
            </line>
            <line>
              <![CDATA[Loop through on all pages.<br>]]>
            </line>
            <line>
              <![CDATA[Loop through one page.<br>]]>
            </line>
            <line>
              <![CDATA[Check  that title of function contains in product description.<br>]]>
            </line>
            <line>
              <![CDATA[Loop through one page.<br>]]>
            </line>
            <line>
              <![CDATA[Check  that title of function contains in product description.<br>]]>
            </line>
            <line>
              <![CDATA[Loop through one page.<br>]]>
            </line>
            <line>
              <![CDATA[Check  that title of function contains in product description.<br>]]>
            </line>
            <line>
              <![CDATA[Loop through one page.<br>]]>
            </line>
            <line>
              <![CDATA[Check  that title of function contains in product description.<br>]]>
            </line>
            <line>
              <![CDATA[Loop through one page.<br>]]>
            </line>
            <line>
              <![CDATA[Check  that title of function contains in product description.<br>]]>
            </line>
            <line>
              <![CDATA[Loop through one page.<br>]]>
            </line>
            <line>
              <![CDATA[Check  that title of function contains in product description.<br>]]>
            </line>
            <line>
              <![CDATA[Loop through one page.<br>]]>
            </line>
            <line>
              <![CDATA[Check  that title of function contains in product description.<br>]]>
            </line>
            <line>
              <![CDATA[Loop through one page.<br>]]>
            </line>
            <line>
              <![CDATA[Check  that title of function contains in product description.<br>]]>
            </line>
            <line>
              <![CDATA[Loop through one page.<br>]]>
            </line>
            <line>
              <![CDATA[Check  that title of function contains in product description.<br>]]>
            </line>
            <line>
              <![CDATA[Loop through one page.<br>]]>
            </line>
            <line>
              <![CDATA[Check  that title of function contains in product description.<br>]]>
            </line>
            <line>
              <![CDATA[Loop through one page.<br>]]>
            </line>
            <line>
              <![CDATA[Check  that title of function contains in product description.<br>]]>
            </line>
            <line>
              <![CDATA[Loop through one page.<br>]]>
            </line>
            <line>
              <![CDATA[Check  that title of function contains in product description.<br>]]>
            </line>
            <line>
              <![CDATA[Loop through one page.<br>]]>
            </line>
            <line>
              <![CDATA[Check  that title of function contains in product description.<br>]]>
            </line>
            <line>
              <![CDATA[Loop through one page.<br>]]>
            </line>
            <line>
              <![CDATA[Check  that title of function contains in product description.<br>]]>
            </line>
            <line>
              <![CDATA[Loop through one page.<br>]]>
            </line>
            <line>
              <![CDATA[Check  that title of function contains in product description.<br>]]>
            </line>
            <line>
              <![CDATA[Loop through one page.<br>]]>
            </line>
            <line>
              <![CDATA[Check  that title of function contains in product description.<br>]]>
            </line>
            <line>
              <![CDATA[Loop through one page.<br>]]>
            </line>
            <line>
              <![CDATA[Check  that title of function contains in product description.<br>]]>
            </line>
            <line>
              <![CDATA[Loop through one page.<br>]]>
            </line>
            <line>
              <![CDATA[Check  that title of function contains in product description.<br>]]>
            </line>
            <line>
              <![CDATA[Loop through one page.<br>]]>
            </line>
            <line>
              <![CDATA[Check  that title of function contains in product description.<br>]]>
            </line>
            <line>
              <![CDATA[Loop through one page.<br>]]>
            </line>
            <line>
              <![CDATA[Check  that title of function contains in product description.<br>]]>
            </line>
            <line>
              <![CDATA[Loop through one page.<br>]]>
            </line>
            <line>
              <![CDATA[Loop through one page.<br>]]>
            </line>
          </reporter-output>
        </test-method> <!-- CheckFunctionsFilter -->
        <test-method status="PASS" signature="tearDown()[pri:0, instance:com.epam.tests.TestCheckFunctionsFilter@16e0123]" name="tearDown" is-config="true" duration-ms="292" started-at="2013-11-13T10:56:47Z" finished-at="2013-11-13T10:56:47Z">
          <reporter-output>
          </reporter-output>
        </test-method> <!-- tearDown -->
      </class> <!-- com.epam.tests.TestCheckFunctionsFilter -->
    </test> <!-- Default test -->
  </suite> <!-- Default suite -->
</testng-results>
