<?xml version="1.0" encoding="UTF-8"?>
<testng-results skipped="0" failed="0" total="3" passed="3">
  <reporter-output>
  </reporter-output>
  <suite name="Self mail sending" duration-ms="68732" started-at="2013-11-14T08:47:41Z" finished-at="2013-11-14T08:48:49Z">
    <groups>
    </groups>
    <test name="TestCheckHrefAndDescriptions" duration-ms="68732" started-at="2013-11-14T08:47:41Z" finished-at="2013-11-14T08:48:49Z">
      <class name="com.epam.tests.TestCheckHrefAndDescriptions">
        <test-method status="PASS" signature="setUp()[pri:0, instance:com.epam.tests.TestCheckHrefAndDescriptions@1162ab9]" name="setUp" is-config="true" duration-ms="9021" started-at="2013-11-14T10:47:41Z" finished-at="2013-11-14T10:47:50Z">
          <reporter-output>
          </reporter-output>
        </test-method> <!-- setUp -->
        <test-method status="PASS" signature="setUpMethod()[pri:0, instance:com.epam.tests.TestCheckHrefAndDescriptions@1162ab9]" name="setUpMethod" is-config="true" duration-ms="26" started-at="2013-11-14T10:47:50Z" finished-at="2013-11-14T10:47:50Z">
          <reporter-output>
          </reporter-output>
        </test-method> <!-- setUpMethod -->
        <test-method status="PASS" signature="CheckDescriptions(java.lang.String, java.lang.Double)[pri:0, instance:com.epam.tests.TestCheckHrefAndDescriptions@1162ab9]" name="CheckDescriptions" duration-ms="29395" started-at="2013-11-14T10:47:50Z" data-provider="baseDataProvider" finished-at="2013-11-14T10:48:19Z">
          <params>
            <param index="0">
              <value>
                <![CDATA[Хлебопечи]]>
              </value>
            </param>
            <param index="1">
              <value>
                <![CDATA[5.0]]>
              </value>
            </param>
          </params>
          <reporter-output>
          </reporter-output>
        </test-method> <!-- CheckDescriptions -->
        <test-method status="PASS" signature="setUpMethod()[pri:0, instance:com.epam.tests.TestCheckHrefAndDescriptions@1162ab9]" name="setUpMethod" is-config="true" duration-ms="4" started-at="2013-11-14T10:48:19Z" finished-at="2013-11-14T10:48:19Z">
          <reporter-output>
          </reporter-output>
        </test-method> <!-- setUpMethod -->
        <test-method status="PASS" signature="CheckHref(java.lang.String, java.lang.Double)[pri:0, instance:com.epam.tests.TestCheckHrefAndDescriptions@1162ab9]" name="CheckHref" duration-ms="22457" started-at="2013-11-14T10:48:19Z" data-provider="baseDataProvider" finished-at="2013-11-14T10:48:42Z">
          <params>
            <param index="0">
              <value>
                <![CDATA[Хлебопечи]]>
              </value>
            </param>
            <param index="1">
              <value>
                <![CDATA[5.0]]>
              </value>
            </param>
          </params>
          <reporter-output>
          </reporter-output>
        </test-method> <!-- CheckHref -->
        <test-method status="PASS" signature="setUpMethod()[pri:0, instance:com.epam.tests.TestCheckHrefAndDescriptions@1162ab9]" name="setUpMethod" is-config="true" duration-ms="3" started-at="2013-11-14T10:48:42Z" finished-at="2013-11-14T10:48:42Z">
          <reporter-output>
          </reporter-output>
        </test-method> <!-- setUpMethod -->
        <test-method status="PASS" signature="CheckHref(java.lang.String, java.lang.Double)[pri:0, instance:com.epam.tests.TestCheckHrefAndDescriptions@1162ab9]" name="CheckHref" duration-ms="7510" started-at="2013-11-14T10:48:42Z" data-provider="baseDataProvider" finished-at="2013-11-14T10:48:49Z">
          <params>
            <param index="0">
              <value>
                <![CDATA[Вентиляторы]]>
              </value>
            </param>
            <param index="1">
              <value>
                <![CDATA[2.0]]>
              </value>
            </param>
          </params>
          <reporter-output>
          </reporter-output>
        </test-method> <!-- CheckHref -->
        <test-method status="PASS" signature="tearDown()[pri:0, instance:com.epam.tests.TestCheckHrefAndDescriptions@1162ab9]" name="tearDown" is-config="true" duration-ms="348" started-at="2013-11-14T10:48:49Z" finished-at="2013-11-14T10:48:50Z">
          <reporter-output>
          </reporter-output>
        </test-method> <!-- tearDown -->
      </class> <!-- com.epam.tests.TestCheckHrefAndDescriptions -->
    </test> <!-- TestCheckHrefAndDescriptions -->
  </suite> <!-- Self mail sending -->
</testng-results>
